{"/home/travis/build/npmtest/node-npmtest-ios-sim/test.js":{"path":"/home/travis/build/npmtest/node-npmtest-ios-sim/test.js","s":{"1":2,"2":2,"3":2,"4":2,"5":2,"6":2,"7":2,"8":1,"9":2,"10":2,"11":1,"12":1,"13":1,"14":1,"15":2,"16":2,"17":2,"18":2,"19":1,"20":1,"21":2,"22":2,"23":2,"24":1,"25":1,"26":1,"27":1,"28":1,"29":1,"30":1,"31":1,"32":1,"33":1,"34":1,"35":1,"36":1,"37":1,"38":1,"39":2,"40":2,"41":1,"42":2,"43":2,"44":1,"45":2,"46":2,"47":1,"48":2,"49":2,"50":1,"51":1,"52":1,"53":1,"54":1},"b":{"1":[2,1,1,1],"2":[1,1,1,1],"3":[1,1],"4":[1,1],"5":[1,1],"6":[1,1],"7":[1,1],"8":[1,1],"9":[1,1],"10":[1,1,1],"11":[1,1],"12":[1,1],"13":[1,1],"14":[1,1],"15":[1,1],"16":[1,1],"17":[1,1]},"f":{"1":2,"2":2,"3":2,"4":2,"5":2,"6":1,"7":1,"8":1,"9":2,"10":2,"11":2,"12":2,"13":1},"fnMap":{"1":{"name":"(anonymous_1)","line":12,"loc":{"start":{"line":12,"column":1},"end":{"line":12,"column":13}}},"2":{"name":"(anonymous_2)","line":19,"loc":{"start":{"line":19,"column":5},"end":{"line":19,"column":17}}},"3":{"name":"(anonymous_3)","line":23,"loc":{"start":{"line":23,"column":24},"end":{"line":23,"column":36}}},"4":{"name":"(anonymous_4)","line":61,"loc":{"start":{"line":61,"column":5},"end":{"line":61,"column":17}}},"5":{"name":"(anonymous_5)","line":82,"loc":{"start":{"line":82,"column":5},"end":{"line":82,"column":17}}},"6":{"name":"(anonymous_6)","line":91,"loc":{"start":{"line":91,"column":77},"end":{"line":94,"column":10}}},"7":{"name":"(anonymous_7)","line":112,"loc":{"start":{"line":112,"column":83},"end":{"line":115,"column":10}},"skip":true},"8":{"name":"(anonymous_8)","line":123,"loc":{"start":{"line":123,"column":77},"end":{"line":126,"column":10}},"skip":true},"9":{"name":"(anonymous_9)","line":139,"loc":{"start":{"line":139,"column":12},"end":{"line":139,"column":40}},"skip":true},"10":{"name":"(anonymous_10)","line":147,"loc":{"start":{"line":147,"column":77},"end":{"line":150,"column":10}},"skip":true},"11":{"name":"(anonymous_11)","line":158,"loc":{"start":{"line":158,"column":83},"end":{"line":161,"column":10}},"skip":true},"12":{"name":"(anonymous_12)","line":169,"loc":{"start":{"line":169,"column":79},"end":{"line":172,"column":10}},"skip":true},"13":{"name":"(anonymous_13)","line":180,"loc":{"start":{"line":180,"column":75},"end":{"line":183,"column":10}},"skip":true}},"statementMap":{"1":{"start":{"line":12,"column":0},"end":{"line":195,"column":5}},"2":{"start":{"line":14,"column":4},"end":{"line":14,"column":14}},"3":{"start":{"line":19,"column":4},"end":{"line":56,"column":9}},"4":{"start":{"line":21,"column":8},"end":{"line":21,"column":19}},"5":{"start":{"line":23,"column":8},"end":{"line":35,"column":13}},"6":{"start":{"line":24,"column":12},"end":{"line":34,"column":13}},"7":{"start":{"line":25,"column":16},"end":{"line":28,"column":30}},"8":{"start":{"line":30,"column":16},"end":{"line":33,"column":27}},"9":{"start":{"line":37,"column":8},"end":{"line":39,"column":21}},"10":{"start":{"line":40,"column":8},"end":{"line":53,"column":9}},"11":{"start":{"line":43,"column":12},"end":{"line":46,"column":14}},"12":{"start":{"line":47,"column":12},"end":{"line":47,"column":18}},"13":{"start":{"line":50,"column":12},"end":{"line":51,"column":33}},"14":{"start":{"line":52,"column":12},"end":{"line":52,"column":18}},"15":{"start":{"line":55,"column":8},"end":{"line":55,"column":35}},"16":{"start":{"line":61,"column":4},"end":{"line":63,"column":9}},"17":{"start":{"line":62,"column":8},"end":{"line":62,"column":15}},"18":{"start":{"line":64,"column":4},"end":{"line":77,"column":5}},"19":{"start":{"line":70,"column":8},"end":{"line":70,"column":14}},"20":{"start":{"line":76,"column":8},"end":{"line":76,"column":14}},"21":{"start":{"line":82,"column":4},"end":{"line":84,"column":9}},"22":{"start":{"line":83,"column":8},"end":{"line":83,"column":15}},"23":{"start":{"line":85,"column":4},"end":{"line":194,"column":5}},"24":{"start":{"line":91,"column":8},"end":{"line":99,"column":10}},"25":{"start":{"line":98,"column":12},"end":{"line":98,"column":35}},"26":{"start":{"line":102,"column":8},"end":{"line":104,"column":63}},"27":{"start":{"line":105,"column":8},"end":{"line":105,"column":14}},"28":{"start":{"line":112,"column":8},"end":{"line":121,"column":10},"skip":true},"29":{"start":{"line":119,"column":12},"end":{"line":119,"column":55},"skip":true},"30":{"start":{"line":120,"column":12},"end":{"line":120,"column":48},"skip":true},"31":{"start":{"line":123,"column":8},"end":{"line":136,"column":10},"skip":true},"32":{"start":{"line":130,"column":12},"end":{"line":130,"column":76},"skip":true},"33":{"start":{"line":131,"column":12},"end":{"line":131,"column":73},"skip":true},"34":{"start":{"line":132,"column":12},"end":{"line":132,"column":74},"skip":true},"35":{"start":{"line":133,"column":12},"end":{"line":133,"column":79},"skip":true},"36":{"start":{"line":134,"column":12},"end":{"line":134,"column":25},"skip":true},"37":{"start":{"line":135,"column":12},"end":{"line":135,"column":45},"skip":true},"38":{"start":{"line":138,"column":8},"end":{"line":145,"column":14},"skip":true},"39":{"start":{"line":143,"column":16},"end":{"line":143,"column":29},"skip":true},"40":{"start":{"line":144,"column":16},"end":{"line":144,"column":55},"skip":true},"41":{"start":{"line":147,"column":8},"end":{"line":156,"column":10},"skip":true},"42":{"start":{"line":154,"column":12},"end":{"line":154,"column":25},"skip":true},"43":{"start":{"line":155,"column":12},"end":{"line":155,"column":45},"skip":true},"44":{"start":{"line":158,"column":8},"end":{"line":167,"column":10},"skip":true},"45":{"start":{"line":165,"column":12},"end":{"line":165,"column":25},"skip":true},"46":{"start":{"line":166,"column":12},"end":{"line":166,"column":48},"skip":true},"47":{"start":{"line":169,"column":8},"end":{"line":178,"column":10},"skip":true},"48":{"start":{"line":176,"column":12},"end":{"line":176,"column":25},"skip":true},"49":{"start":{"line":177,"column":12},"end":{"line":177,"column":46},"skip":true},"50":{"start":{"line":180,"column":8},"end":{"line":189,"column":10},"skip":true},"51":{"start":{"line":187,"column":12},"end":{"line":187,"column":94},"skip":true},"52":{"start":{"line":188,"column":12},"end":{"line":188,"column":48},"skip":true},"53":{"start":{"line":192,"column":8},"end":{"line":192,"column":35},"skip":true},"54":{"start":{"line":193,"column":8},"end":{"line":193,"column":14},"skip":true}},"branchMap":{"1":{"line":25,"type":"binary-expr","locations":[{"start":{"line":25,"column":23},"end":{"line":25,"column":62}},{"start":{"line":26,"column":20},"end":{"line":26,"column":70}},{"start":{"line":27,"column":20},"end":{"line":27,"column":71}},{"start":{"line":28,"column":20},"end":{"line":28,"column":29}}]},"2":{"line":30,"type":"binary-expr","locations":[{"start":{"line":30,"column":23},"end":{"line":30,"column":37}},{"start":{"line":31,"column":20},"end":{"line":31,"column":61}},{"start":{"line":32,"column":20},"end":{"line":32,"column":70}},{"start":{"line":33,"column":20},"end":{"line":33,"column":26}}]},"3":{"line":37,"type":"cond-expr","locations":[{"start":{"line":38,"column":14},"end":{"line":38,"column":20}},{"start":{"line":39,"column":14},"end":{"line":39,"column":20}}]},"4":{"line":40,"type":"switch","locations":[{"start":{"line":42,"column":8},"end":{"line":47,"column":18}},{"start":{"line":49,"column":8},"end":{"line":52,"column":18}}]},"5":{"line":44,"type":"binary-expr","locations":[{"start":{"line":44,"column":16},"end":{"line":44,"column":44}},{"start":{"line":44,"column":48},"end":{"line":44,"column":66}}]},"6":{"line":50,"type":"binary-expr","locations":[{"start":{"line":50,"column":21},"end":{"line":50,"column":49}},{"start":{"line":50,"column":53},"end":{"line":50,"column":72}}]},"7":{"line":64,"type":"switch","locations":[{"start":{"line":69,"column":4},"end":{"line":70,"column":14}},{"start":{"line":75,"column":4},"end":{"line":76,"column":14}}]},"8":{"line":85,"type":"switch","locations":[{"start":{"line":90,"column":4},"end":{"line":105,"column":14}},{"start":{"line":111,"column":4},"end":{"line":193,"column":14},"skip":true}]},"9":{"line":91,"type":"binary-expr","locations":[{"start":{"line":91,"column":42},"end":{"line":91,"column":73}},{"start":{"line":91,"column":77},"end":{"line":99,"column":9}}]},"10":{"line":102,"type":"binary-expr","locations":[{"start":{"line":102,"column":18},"end":{"line":102,"column":32}},{"start":{"line":103,"column":12},"end":{"line":103,"column":53}},{"start":{"line":104,"column":12},"end":{"line":104,"column":61}}]},"11":{"line":112,"type":"binary-expr","locations":[{"start":{"line":112,"column":45},"end":{"line":112,"column":79},"skip":true},{"start":{"line":112,"column":83},"end":{"line":121,"column":9},"skip":true}]},"12":{"line":123,"type":"binary-expr","locations":[{"start":{"line":123,"column":42},"end":{"line":123,"column":73},"skip":true},{"start":{"line":123,"column":77},"end":{"line":136,"column":9},"skip":true}]},"13":{"line":138,"type":"binary-expr","locations":[{"start":{"line":138,"column":48},"end":{"line":138,"column":85},"skip":true},{"start":{"line":139,"column":12},"end":{"line":145,"column":13},"skip":true}]},"14":{"line":147,"type":"binary-expr","locations":[{"start":{"line":147,"column":42},"end":{"line":147,"column":73},"skip":true},{"start":{"line":147,"column":77},"end":{"line":156,"column":9},"skip":true}]},"15":{"line":158,"type":"binary-expr","locations":[{"start":{"line":158,"column":45},"end":{"line":158,"column":79},"skip":true},{"start":{"line":158,"column":83},"end":{"line":167,"column":9},"skip":true}]},"16":{"line":169,"type":"binary-expr","locations":[{"start":{"line":169,"column":43},"end":{"line":169,"column":75},"skip":true},{"start":{"line":169,"column":79},"end":{"line":178,"column":9},"skip":true}]},"17":{"line":180,"type":"binary-expr","locations":[{"start":{"line":180,"column":41},"end":{"line":180,"column":71},"skip":true},{"start":{"line":180,"column":75},"end":{"line":189,"column":9},"skip":true}]}},"code":["/* istanbul instrument in package npmtest_ios_sim */","/*jslint","    bitwise: true,","    browser: true,","    maxerr: 8,","    maxlen: 96,","    node: true,","    nomen: true,","    regexp: true,","    stupid: true","*/","(function () {","    'use strict';","    var local;","","","","    // run shared js-env code - pre-init","    (function () {","        // init local","        local = {};","        // init modeJs","        local.modeJs = (function () {","            try {","                return typeof navigator.userAgent === 'string' &&","                    typeof document.querySelector('body') === 'object' &&","                    typeof XMLHttpRequest.prototype.open === 'function' &&","                    'browser';","            } catch (errorCaughtBrowser) {","                return module.exports &&","                    typeof process.versions.node === 'string' &&","                    typeof require('http').createServer === 'function' &&","                    'node';","            }","        }());","        // init global","        local.global = local.modeJs === 'browser'","            ? window","            : global;","        switch (local.modeJs) {","        // re-init local from window.local","        case 'browser':","            local = local.global.utility2.objectSetDefault(","                local.global.utility2_rollup || local.global.local,","                local.global.utility2","            );","            break;","        // re-init local from example.js","        case 'node':","            local = (local.global.utility2_rollup || require('utility2'))","                .requireReadme();","            break;","        }","        // export local","        local.global.local = local;","    }());","","","","    // run shared js-env code - function","    (function () {","        return;","    }());","    switch (local.modeJs) {","","","","    // run browser js-env code - function","    case 'browser':","        break;","","","","    // run node js-env code - function","    case 'node':","        break;","    }","","","","    // run shared js-env code - post-init","    (function () {","        return;","    }());","    switch (local.modeJs) {","","","","    // run browser js-env code - post-init","    case 'browser':","        local.testCase_browser_nullCase = local.testCase_browser_nullCase || function (","            options,","            onError","        ) {","        /*","         * this function will test browsers's null-case handling-behavior-behavior","         */","            onError(null, options);","        };","","        // run tests","        local.nop(local.modeTest &&","            document.querySelector('#testRunButton1') &&","            document.querySelector('#testRunButton1').click());","        break;","","","","    // run node js-env code - post-init","    /* istanbul ignore next */","    case 'node':","        local.testCase_buildApidoc_default = local.testCase_buildApidoc_default || function (","            options,","            onError","        ) {","        /*","         * this function will test buildApidoc's default handling-behavior-behavior","         */","            options = { modulePathList: module.paths };","            local.buildApidoc(options, onError);","        };","","        local.testCase_buildApp_default = local.testCase_buildApp_default || function (","            options,","            onError","        ) {","        /*","         * this function will test buildApp's default handling-behavior-behavior","         */","            local.testCase_buildReadme_default(options, local.onErrorThrow);","            local.testCase_buildLib_default(options, local.onErrorThrow);","            local.testCase_buildTest_default(options, local.onErrorThrow);","            local.testCase_buildCustomOrg_default(options, local.onErrorThrow);","            options = [];","            local.buildApp(options, onError);","        };","","        local.testCase_buildCustomOrg_default = local.testCase_buildCustomOrg_default ||","            function (options, onError) {","            /*","             * this function will test buildCustomOrg's default handling-behavior","             */","                options = {};","                local.buildCustomOrg(options, onError);","            };","","        local.testCase_buildLib_default = local.testCase_buildLib_default || function (","            options,","            onError","        ) {","        /*","         * this function will test buildLib's default handling-behavior","         */","            options = {};","            local.buildLib(options, onError);","        };","","        local.testCase_buildReadme_default = local.testCase_buildReadme_default || function (","            options,","            onError","        ) {","        /*","         * this function will test buildReadme's default handling-behavior-behavior","         */","            options = {};","            local.buildReadme(options, onError);","        };","","        local.testCase_buildTest_default = local.testCase_buildTest_default || function (","            options,","            onError","        ) {","        /*","         * this function will test buildTest's default handling-behavior","         */","            options = {};","            local.buildTest(options, onError);","        };","","        local.testCase_webpage_default = local.testCase_webpage_default || function (","            options,","            onError","        ) {","        /*","         * this function will test webpage's default handling-behavior","         */","            options = { modeCoverageMerge: true, url: local.serverLocalHost + '?modeTest=1' };","            local.browserTest(options, onError);","        };","","        // run test-server","        local.testRunServer(local);","        break;","    }","}());",""],"l":{"12":2,"14":2,"19":2,"21":2,"23":2,"24":2,"25":2,"30":1,"37":2,"40":2,"43":1,"47":1,"50":1,"52":1,"55":2,"61":2,"62":2,"64":2,"70":1,"76":1,"82":2,"83":2,"85":2,"91":1,"98":1,"102":1,"105":1,"112":1,"119":1,"120":1,"123":1,"130":1,"131":1,"132":1,"133":1,"134":1,"135":1,"138":1,"143":2,"144":2,"147":1,"154":2,"155":2,"158":1,"165":2,"166":2,"169":1,"176":2,"177":2,"180":1,"187":1,"188":1,"192":1,"193":1}},"/home/travis/build/npmtest/node-npmtest-ios-sim/lib.npmtest_ios_sim.js":{"path":"/home/travis/build/npmtest/node-npmtest-ios-sim/lib.npmtest_ios_sim.js","s":{"1":2,"2":2,"3":2,"4":2,"5":2,"6":2,"7":2,"8":1,"9":2,"10":2,"11":2,"12":2,"13":1,"14":1,"15":1,"16":1},"b":{"1":[2,1,1,1],"2":[1,1,1,1],"3":[1,1],"4":[2,2],"5":[1,1]},"f":{"1":2,"2":2,"3":2},"fnMap":{"1":{"name":"(anonymous_1)","line":12,"loc":{"start":{"line":12,"column":1},"end":{"line":12,"column":13}}},"2":{"name":"(anonymous_2)","line":19,"loc":{"start":{"line":19,"column":5},"end":{"line":19,"column":17}}},"3":{"name":"(anonymous_3)","line":23,"loc":{"start":{"line":23,"column":24},"end":{"line":23,"column":36}}}},"statementMap":{"1":{"start":{"line":12,"column":0},"end":{"line":53,"column":5}},"2":{"start":{"line":14,"column":4},"end":{"line":14,"column":14}},"3":{"start":{"line":19,"column":4},"end":{"line":52,"column":9}},"4":{"start":{"line":21,"column":8},"end":{"line":21,"column":19}},"5":{"start":{"line":23,"column":8},"end":{"line":35,"column":13}},"6":{"start":{"line":24,"column":12},"end":{"line":34,"column":13}},"7":{"start":{"line":25,"column":16},"end":{"line":28,"column":30}},"8":{"start":{"line":30,"column":16},"end":{"line":33,"column":27}},"9":{"start":{"line":37,"column":8},"end":{"line":39,"column":21}},"10":{"start":{"line":41,"column":8},"end":{"line":41,"column":54}},"11":{"start":{"line":43,"column":8},"end":{"line":43,"column":52}},"12":{"start":{"line":45,"column":8},"end":{"line":51,"column":9}},"13":{"start":{"line":46,"column":12},"end":{"line":46,"column":58}},"14":{"start":{"line":48,"column":12},"end":{"line":48,"column":35}},"15":{"start":{"line":49,"column":12},"end":{"line":49,"column":49}},"16":{"start":{"line":50,"column":12},"end":{"line":50,"column":43}}},"branchMap":{"1":{"line":25,"type":"binary-expr","locations":[{"start":{"line":25,"column":23},"end":{"line":25,"column":62}},{"start":{"line":26,"column":20},"end":{"line":26,"column":70}},{"start":{"line":27,"column":20},"end":{"line":27,"column":71}},{"start":{"line":28,"column":20},"end":{"line":28,"column":29}}]},"2":{"line":30,"type":"binary-expr","locations":[{"start":{"line":30,"column":23},"end":{"line":30,"column":37}},{"start":{"line":31,"column":20},"end":{"line":31,"column":61}},{"start":{"line":32,"column":20},"end":{"line":32,"column":70}},{"start":{"line":33,"column":20},"end":{"line":33,"column":26}}]},"3":{"line":37,"type":"cond-expr","locations":[{"start":{"line":38,"column":14},"end":{"line":38,"column":20}},{"start":{"line":39,"column":14},"end":{"line":39,"column":20}}]},"4":{"line":41,"type":"binary-expr","locations":[{"start":{"line":41,"column":16},"end":{"line":41,"column":44}},{"start":{"line":41,"column":48},"end":{"line":41,"column":53}}]},"5":{"line":45,"type":"if","locations":[{"start":{"line":45,"column":8},"end":{"line":45,"column":8}},{"start":{"line":45,"column":8},"end":{"line":45,"column":8}}]}},"code":["/* istanbul instrument in package npmtest_ios_sim */","/*jslint","    bitwise: true,","    browser: true,","    maxerr: 8,","    maxlen: 96,","    node: true,","    nomen: true,","    regexp: true,","    stupid: true","*/","(function () {","    'use strict';","    var local;","","","","    // run shared js-env code - pre-init","    (function () {","        // init local","        local = {};","        // init modeJs","        local.modeJs = (function () {","            try {","                return typeof navigator.userAgent === 'string' &&","                    typeof document.querySelector('body') === 'object' &&","                    typeof XMLHttpRequest.prototype.open === 'function' &&","                    'browser';","            } catch (errorCaughtBrowser) {","                return module.exports &&","                    typeof process.versions.node === 'string' &&","                    typeof require('http').createServer === 'function' &&","                    'node';","            }","        }());","        // init global","        local.global = local.modeJs === 'browser'","            ? window","            : global;","        // init utility2_rollup","        local = local.global.utility2_rollup || local;","        // init lib","        local.local = local.npmtest_ios_sim = local;","        // init exports","        if (local.modeJs === 'browser') {","            local.global.utility2_npmtest_ios_sim = local;","        } else {","            module.exports = local;","            module.exports.__dirname = __dirname;","            module.exports.module = module;","        }","    }());","}());",""],"l":{"12":2,"14":2,"19":2,"21":2,"23":2,"24":2,"25":2,"30":1,"37":2,"41":2,"43":2,"45":2,"46":1,"48":1,"49":1,"50":1}},"/home/travis/build/npmtest/node-npmtest-ios-sim/example.js":{"path":"/home/travis/build/npmtest/node-npmtest-ios-sim/example.js","s":{"1":2,"2":2,"3":2,"4":2,"5":2,"6":2,"7":2,"8":1,"9":2,"10":2,"11":2,"12":2,"13":1,"14":2,"15":2,"16":2,"17":2,"18":2,"19":0,"20":2,"21":1,"22":1,"23":1,"24":1,"25":1,"26":0,"27":0,"28":1,"29":1,"30":2,"31":0,"32":0,"33":0,"34":1,"35":2,"36":2,"37":3,"38":3,"39":3,"40":3,"41":0,"42":3,"43":3,"44":3,"45":1,"46":3,"47":1,"48":1,"49":1,"50":1,"51":1,"52":1,"53":1,"54":1,"55":1,"56":1,"57":0,"58":1,"59":6,"60":6,"61":1,"62":2,"63":0,"64":2,"65":1,"66":1,"67":0,"68":0,"69":0,"70":0,"71":0,"72":0,"73":0,"74":0,"75":0,"76":0,"77":0,"78":0,"79":0,"80":0,"81":0,"82":0,"83":0},"b":{"1":[2,1,1,1],"2":[1,1,1,1],"3":[1,1],"4":[2,2],"5":[1,1],"6":[1,1],"7":[2,0],"8":[2,1,1,1,1,1],"9":[0,2,0],"10":[1,1],"11":[2,1,1],"12":[1,0],"13":[0,2],"14":[2,0,0,0,0,0,0],"15":[0,3],"16":[3,0],"17":[1,1],"18":[0,1],"19":[1,2,0,2],"20":[1,0],"21":[1,1],"22":[0,0],"23":[0,0],"24":[0,0],"25":[0,0],"26":[0,0],"27":[0,0],"28":[0,0]},"f":{"1":2,"2":2,"3":2,"4":2,"5":2,"6":2,"7":3,"8":3,"9":3,"10":1,"11":6,"12":0},"fnMap":{"1":{"name":"(anonymous_1)","line":26,"loc":{"start":{"line":26,"column":1},"end":{"line":26,"column":13}}},"2":{"name":"(anonymous_2)","line":33,"loc":{"start":{"line":33,"column":5},"end":{"line":33,"column":17}}},"3":{"name":"(anonymous_3)","line":37,"loc":{"start":{"line":37,"column":24},"end":{"line":37,"column":36}}},"4":{"name":"(anonymous_4)","line":69,"loc":{"start":{"line":69,"column":31},"end":{"line":69,"column":48}},"skip":true},"5":{"name":"(anonymous_5)","line":78,"loc":{"start":{"line":78,"column":26},"end":{"line":78,"column":45}},"skip":true},"6":{"name":"(anonymous_6)","line":123,"loc":{"start":{"line":123,"column":33},"end":{"line":123,"column":48}},"skip":true},"7":{"name":"(anonymous_7)","line":125,"loc":{"start":{"line":125,"column":27},"end":{"line":125,"column":39}},"skip":true},"8":{"name":"(anonymous_8)","line":133,"loc":{"start":{"line":133,"column":59},"end":{"line":133,"column":74}},"skip":true},"9":{"name":"(anonymous_9)","line":143,"loc":{"start":{"line":143,"column":45},"end":{"line":143,"column":62}},"skip":true},"10":{"name":"(anonymous_10)","line":144,"loc":{"start":{"line":144,"column":73},"end":{"line":144,"column":92}},"skip":true},"11":{"name":"(anonymous_11)","line":272,"loc":{"start":{"line":272,"column":51},"end":{"line":272,"column":77}},"skip":true},"12":{"name":"(anonymous_12)","line":315,"loc":{"start":{"line":315,"column":32},"end":{"line":315,"column":61}},"skip":true}},"statementMap":{"1":{"start":{"line":26,"column":0},"end":{"line":326,"column":5}},"2":{"start":{"line":28,"column":4},"end":{"line":28,"column":14}},"3":{"start":{"line":33,"column":4},"end":{"line":60,"column":9}},"4":{"start":{"line":35,"column":8},"end":{"line":35,"column":19}},"5":{"start":{"line":37,"column":8},"end":{"line":49,"column":13}},"6":{"start":{"line":38,"column":12},"end":{"line":48,"column":13}},"7":{"start":{"line":39,"column":16},"end":{"line":42,"column":30}},"8":{"start":{"line":44,"column":16},"end":{"line":47,"column":27}},"9":{"start":{"line":51,"column":8},"end":{"line":53,"column":21}},"10":{"start":{"line":55,"column":8},"end":{"line":57,"column":45}},"11":{"start":{"line":59,"column":8},"end":{"line":59,"column":35}},"12":{"start":{"line":61,"column":4},"end":{"line":325,"column":5}},"13":{"start":{"line":69,"column":8},"end":{"line":121,"column":10},"skip":true},"14":{"start":{"line":70,"column":12},"end":{"line":88,"column":13},"skip":true},"15":{"start":{"line":76,"column":16},"end":{"line":87,"column":19},"skip":true},"16":{"start":{"line":79,"column":20},"end":{"line":86,"column":21},"skip":true},"17":{"start":{"line":82,"column":24},"end":{"line":82,"column":43},"skip":true},"18":{"start":{"line":83,"column":24},"end":{"line":83,"column":30},"skip":true},"19":{"start":{"line":85,"column":24},"end":{"line":85,"column":49},"skip":true},"20":{"start":{"line":89,"column":12},"end":{"line":107,"column":13},"skip":true},"21":{"start":{"line":92,"column":16},"end":{"line":102,"column":17},"skip":true},"22":{"start":{"line":93,"column":20},"end":{"line":93,"column":86},"skip":true},"23":{"start":{"line":94,"column":20},"end":{"line":95,"column":45},"skip":true},"24":{"start":{"line":96,"column":20},"end":{"line":96,"column":42},"skip":true},"25":{"start":{"line":97,"column":20},"end":{"line":97,"column":48},"skip":true},"26":{"start":{"line":100,"column":20},"end":{"line":100,"column":85},"skip":true},"27":{"start":{"line":101,"column":20},"end":{"line":101,"column":96},"skip":true},"28":{"start":{"line":103,"column":16},"end":{"line":103,"column":22},"skip":true},"29":{"start":{"line":106,"column":16},"end":{"line":106,"column":22},"skip":true},"30":{"start":{"line":108,"column":12},"end":{"line":120,"column":13},"skip":true},"31":{"start":{"line":114,"column":16},"end":{"line":119,"column":17},"skip":true},"32":{"start":{"line":116,"column":20},"end":{"line":116,"column":78},"skip":true},"33":{"start":{"line":118,"column":20},"end":{"line":118,"column":47},"skip":true},"34":{"start":{"line":123,"column":8},"end":{"line":141,"column":11},"skip":true},"35":{"start":{"line":124,"column":12},"end":{"line":124,"column":54},"skip":true},"36":{"start":{"line":125,"column":12},"end":{"line":140,"column":14},"skip":true},"37":{"start":{"line":126,"column":16},"end":{"line":126,"column":28},"skip":true},"38":{"start":{"line":127,"column":16},"end":{"line":127,"column":69},"skip":true},"39":{"start":{"line":128,"column":16},"end":{"line":128,"column":75},"skip":true},"40":{"start":{"line":129,"column":16},"end":{"line":131,"column":17},"skip":true},"41":{"start":{"line":130,"column":20},"end":{"line":130,"column":27},"skip":true},"42":{"start":{"line":133,"column":16},"end":{"line":137,"column":36},"skip":true},"43":{"start":{"line":134,"column":20},"end":{"line":136,"column":55},"skip":true},"44":{"start":{"line":139,"column":16},"end":{"line":139,"column":57},"skip":true},"45":{"start":{"line":143,"column":8},"end":{"line":147,"column":11},"skip":true},"46":{"start":{"line":144,"column":12},"end":{"line":146,"column":15},"skip":true},"47":{"start":{"line":145,"column":16},"end":{"line":145,"column":70},"skip":true},"48":{"start":{"line":149,"column":8},"end":{"line":149,"column":31},"skip":true},"49":{"start":{"line":150,"column":8},"end":{"line":150,"column":14},"skip":true},"50":{"start":{"line":158,"column":8},"end":{"line":158,"column":31},"skip":true},"51":{"start":{"line":160,"column":8},"end":{"line":160,"column":33},"skip":true},"52":{"start":{"line":161,"column":8},"end":{"line":161,"column":37},"skip":true},"53":{"start":{"line":162,"column":8},"end":{"line":162,"column":35},"skip":true},"54":{"start":{"line":164,"column":8},"end":{"line":164,"column":50},"skip":true},"55":{"start":{"line":166,"column":8},"end":{"line":256,"column":2},"skip":true},"56":{"start":{"line":258,"column":8},"end":{"line":286,"column":9},"skip":true},"57":{"start":{"line":259,"column":12},"end":{"line":269,"column":14},"skip":true},"58":{"start":{"line":271,"column":12},"end":{"line":285,"column":19},"skip":true},"59":{"start":{"line":274,"column":20},"end":{"line":274,"column":35},"skip":true},"60":{"start":{"line":275,"column":20},"end":{"line":284,"column":21},"skip":true},"61":{"start":{"line":277,"column":24},"end":{"line":277,"column":64},"skip":true},"62":{"start":{"line":279,"column":24},"end":{"line":279,"column":40},"skip":true},"63":{"start":{"line":281,"column":24},"end":{"line":281,"column":40},"skip":true},"64":{"start":{"line":283,"column":24},"end":{"line":283,"column":39},"skip":true},"65":{"start":{"line":288,"column":8},"end":{"line":290,"column":9},"skip":true},"66":{"start":{"line":289,"column":12},"end":{"line":289,"column":18},"skip":true},"67":{"start":{"line":291,"column":8},"end":{"line":293,"column":54},"skip":true},"68":{"start":{"line":296,"column":8},"end":{"line":301,"column":37},"skip":true},"69":{"start":{"line":303,"column":8},"end":{"line":303,"column":82},"skip":true},"70":{"start":{"line":306,"column":8},"end":{"line":308,"column":9},"skip":true},"71":{"start":{"line":307,"column":12},"end":{"line":307,"column":82},"skip":true},"72":{"start":{"line":310,"column":8},"end":{"line":312,"column":9},"skip":true},"73":{"start":{"line":311,"column":12},"end":{"line":311,"column":18},"skip":true},"74":{"start":{"line":313,"column":8},"end":{"line":313,"column":54},"skip":true},"75":{"start":{"line":314,"column":8},"end":{"line":314,"column":69},"skip":true},"76":{"start":{"line":315,"column":8},"end":{"line":323,"column":36},"skip":true},"77":{"start":{"line":316,"column":12},"end":{"line":316,"column":61},"skip":true},"78":{"start":{"line":317,"column":12},"end":{"line":320,"column":13},"skip":true},"79":{"start":{"line":318,"column":16},"end":{"line":318,"column":75},"skip":true},"80":{"start":{"line":319,"column":16},"end":{"line":319,"column":23},"skip":true},"81":{"start":{"line":321,"column":12},"end":{"line":321,"column":38},"skip":true},"82":{"start":{"line":322,"column":12},"end":{"line":322,"column":27},"skip":true},"83":{"start":{"line":324,"column":8},"end":{"line":324,"column":14},"skip":true}},"branchMap":{"1":{"line":39,"type":"binary-expr","locations":[{"start":{"line":39,"column":23},"end":{"line":39,"column":62}},{"start":{"line":40,"column":20},"end":{"line":40,"column":70}},{"start":{"line":41,"column":20},"end":{"line":41,"column":71}},{"start":{"line":42,"column":20},"end":{"line":42,"column":29}}]},"2":{"line":44,"type":"binary-expr","locations":[{"start":{"line":44,"column":23},"end":{"line":44,"column":37}},{"start":{"line":45,"column":20},"end":{"line":45,"column":61}},{"start":{"line":46,"column":20},"end":{"line":46,"column":70}},{"start":{"line":47,"column":20},"end":{"line":47,"column":26}}]},"3":{"line":51,"type":"cond-expr","locations":[{"start":{"line":52,"column":14},"end":{"line":52,"column":20}},{"start":{"line":53,"column":14},"end":{"line":53,"column":20}}]},"4":{"line":55,"type":"binary-expr","locations":[{"start":{"line":55,"column":16},"end":{"line":55,"column":44}},{"start":{"line":55,"column":49},"end":{"line":57,"column":43}}]},"5":{"line":55,"type":"cond-expr","locations":[{"start":{"line":56,"column":14},"end":{"line":56,"column":51}},{"start":{"line":57,"column":14},"end":{"line":57,"column":43}}]},"6":{"line":61,"type":"switch","locations":[{"start":{"line":68,"column":4},"end":{"line":150,"column":14},"skip":true},{"start":{"line":156,"column":4},"end":{"line":324,"column":14},"skip":true}]},"7":{"line":70,"type":"if","locations":[{"start":{"line":70,"column":12},"end":{"line":70,"column":12},"skip":true},{"start":{"line":70,"column":12},"end":{"line":70,"column":12},"skip":true}]},"8":{"line":70,"type":"binary-expr","locations":[{"start":{"line":70,"column":16},"end":{"line":70,"column":22},"skip":true},{"start":{"line":70,"column":27},"end":{"line":70,"column":32},"skip":true},{"start":{"line":71,"column":20},"end":{"line":71,"column":39},"skip":true},{"start":{"line":72,"column":20},"end":{"line":72,"column":49},"skip":true},{"start":{"line":73,"column":20},"end":{"line":73,"column":58},"skip":true},{"start":{"line":74,"column":20},"end":{"line":74,"column":69},"skip":true}]},"9":{"line":79,"type":"switch","locations":[{"start":{"line":80,"column":20},"end":{"line":80,"column":33},"skip":true},{"start":{"line":81,"column":20},"end":{"line":83,"column":30},"skip":true},{"start":{"line":84,"column":20},"end":{"line":85,"column":49},"skip":true}]},"10":{"line":89,"type":"switch","locations":[{"start":{"line":90,"column":12},"end":{"line":103,"column":22},"skip":true},{"start":{"line":105,"column":12},"end":{"line":106,"column":22},"skip":true}]},"11":{"line":89,"type":"binary-expr","locations":[{"start":{"line":89,"column":20},"end":{"line":89,"column":25},"skip":true},{"start":{"line":89,"column":29},"end":{"line":89,"column":48},"skip":true},{"start":{"line":89,"column":52},"end":{"line":89,"column":74},"skip":true}]},"12":{"line":92,"type":"if","locations":[{"start":{"line":92,"column":16},"end":{"line":92,"column":16},"skip":true},{"start":{"line":92,"column":16},"end":{"line":92,"column":16},"skip":true}]},"13":{"line":108,"type":"if","locations":[{"start":{"line":108,"column":12},"end":{"line":108,"column":12},"skip":true},{"start":{"line":108,"column":12},"end":{"line":108,"column":12},"skip":true}]},"14":{"line":108,"type":"binary-expr","locations":[{"start":{"line":108,"column":16},"end":{"line":108,"column":61},"skip":true},{"start":{"line":108,"column":66},"end":{"line":108,"column":72},"skip":true},{"start":{"line":108,"column":77},"end":{"line":108,"column":82},"skip":true},{"start":{"line":109,"column":20},"end":{"line":109,"column":39},"skip":true},{"start":{"line":110,"column":20},"end":{"line":110,"column":49},"skip":true},{"start":{"line":111,"column":20},"end":{"line":111,"column":58},"skip":true},{"start":{"line":112,"column":20},"end":{"line":112,"column":68},"skip":true}]},"15":{"line":129,"type":"if","locations":[{"start":{"line":129,"column":16},"end":{"line":129,"column":16},"skip":true},{"start":{"line":129,"column":16},"end":{"line":129,"column":16},"skip":true}]},"16":{"line":134,"type":"cond-expr","locations":[{"start":{"line":135,"column":26},"end":{"line":135,"column":29},"skip":true},{"start":{"line":136,"column":26},"end":{"line":136,"column":54},"skip":true}]},"17":{"line":164,"type":"binary-expr","locations":[{"start":{"line":164,"column":27},"end":{"line":164,"column":43},"skip":true},{"start":{"line":164,"column":47},"end":{"line":164,"column":49},"skip":true}]},"18":{"line":258,"type":"if","locations":[{"start":{"line":258,"column":8},"end":{"line":258,"column":8},"skip":true},{"start":{"line":258,"column":8},"end":{"line":258,"column":8},"skip":true}]},"19":{"line":275,"type":"switch","locations":[{"start":{"line":276,"column":20},"end":{"line":277,"column":64},"skip":true},{"start":{"line":278,"column":20},"end":{"line":279,"column":40},"skip":true},{"start":{"line":280,"column":20},"end":{"line":281,"column":40},"skip":true},{"start":{"line":282,"column":20},"end":{"line":283,"column":39},"skip":true}]},"20":{"line":288,"type":"if","locations":[{"start":{"line":288,"column":8},"end":{"line":288,"column":8},"skip":true},{"start":{"line":288,"column":8},"end":{"line":288,"column":8},"skip":true}]},"21":{"line":288,"type":"binary-expr","locations":[{"start":{"line":288,"column":12},"end":{"line":288,"column":40},"skip":true},{"start":{"line":288,"column":44},"end":{"line":288,"column":67},"skip":true}]},"22":{"line":292,"type":"binary-expr","locations":[{"start":{"line":292,"column":12},"end":{"line":292,"column":50},"skip":true},{"start":{"line":293,"column":12},"end":{"line":293,"column":53},"skip":true}]},"23":{"line":297,"type":"binary-expr","locations":[{"start":{"line":297,"column":12},"end":{"line":297,"column":65},"skip":true},{"start":{"line":298,"column":12},"end":{"line":301,"column":36},"skip":true}]},"24":{"line":303,"type":"binary-expr","locations":[{"start":{"line":303,"column":43},"end":{"line":303,"column":75},"skip":true},{"start":{"line":303,"column":79},"end":{"line":303,"column":81},"skip":true}]},"25":{"line":306,"type":"if","locations":[{"start":{"line":306,"column":8},"end":{"line":306,"column":8},"skip":true},{"start":{"line":306,"column":8},"end":{"line":306,"column":8},"skip":true}]},"26":{"line":310,"type":"if","locations":[{"start":{"line":310,"column":8},"end":{"line":310,"column":8},"skip":true},{"start":{"line":310,"column":8},"end":{"line":310,"column":8},"skip":true}]},"27":{"line":313,"type":"binary-expr","locations":[{"start":{"line":313,"column":27},"end":{"line":313,"column":43},"skip":true},{"start":{"line":313,"column":47},"end":{"line":313,"column":53},"skip":true}]},"28":{"line":317,"type":"if","locations":[{"start":{"line":317,"column":12},"end":{"line":317,"column":12},"skip":true},{"start":{"line":317,"column":12},"end":{"line":317,"column":12},"skip":true}]}},"code":["/*","example.js","","quickstart example","","instruction","    1. save this script as example.js","    2. run the shell command:","        $ npm install npmtest-ios-sim && PORT=8081 node example.js","    3. play with the browser-demo on http://127.0.0.1:8081","*/","","","","/* istanbul instrument in package npmtest_ios_sim */","/*jslint","    bitwise: true,","    browser: true,","    maxerr: 8,","    maxlen: 96,","    node: true,","    nomen: true,","    regexp: true,","    stupid: true","*/","(function () {","    'use strict';","    var local;","","","","    // run shared js-env code - pre-init","    (function () {","        // init local","        local = {};","        // init modeJs","        local.modeJs = (function () {","            try {","                return typeof navigator.userAgent === 'string' &&","                    typeof document.querySelector('body') === 'object' &&","                    typeof XMLHttpRequest.prototype.open === 'function' &&","                    'browser';","            } catch (errorCaughtBrowser) {","                return module.exports &&","                    typeof process.versions.node === 'string' &&","                    typeof require('http').createServer === 'function' &&","                    'node';","            }","        }());","        // init global","        local.global = local.modeJs === 'browser'","            ? window","            : global;","        // init utility2_rollup","        local = local.global.utility2_rollup || (local.modeJs === 'browser'","            ? local.global.utility2_npmtest_ios_sim","            : global.utility2_moduleExports);","        // export local","        local.global.local = local;","    }());","    switch (local.modeJs) {","","","","    // post-init","    // run browser js-env code - post-init","    /* istanbul ignore next */","    case 'browser':","        local.testRunBrowser = function (event) {","            if (!event || (event &&","                    event.currentTarget &&","                    event.currentTarget.className &&","                    event.currentTarget.className.includes &&","                    event.currentTarget.className.includes('onreset'))) {","                // reset output","                Array.from(","                    document.querySelectorAll('body > .resettable')","                ).forEach(function (element) {","                    switch (element.tagName) {","                    case 'INPUT':","                    case 'TEXTAREA':","                        element.value = '';","                        break;","                    default:","                        element.textContent = '';","                    }","                });","            }","            switch (event && event.currentTarget && event.currentTarget.id) {","            case 'testRunButton1':","                // show tests","                if (document.querySelector('#testReportDiv1').style.display === 'none') {","                    document.querySelector('#testReportDiv1').style.display = 'block';","                    document.querySelector('#testRunButton1').textContent =","                        'hide internal test';","                    local.modeTest = true;","                    local.testRunDefault(local);","                // hide tests","                } else {","                    document.querySelector('#testReportDiv1').style.display = 'none';","                    document.querySelector('#testRunButton1').textContent = 'run internal test';","                }","                break;","            // custom-case","            default:","                break;","            }","            if (document.querySelector('#inputTextareaEval1') && (!event || (event &&","                    event.currentTarget &&","                    event.currentTarget.className &&","                    event.currentTarget.className.includes &&","                    event.currentTarget.className.includes('oneval')))) {","                // try to eval input-code","                try {","                    /*jslint evil: true*/","                    eval(document.querySelector('#inputTextareaEval1').value);","                } catch (errorCaught) {","                    console.error(errorCaught);","                }","            }","        };","        // log stderr and stdout to #outputTextareaStdout1","        ['error', 'log'].forEach(function (key) {","            console[key + '_original'] = console[key];","            console[key] = function () {","                var element;","                console[key + '_original'].apply(console, arguments);","                element = document.querySelector('#outputTextareaStdout1');","                if (!element) {","                    return;","                }","                // append text to #outputTextareaStdout1","                element.value += Array.from(arguments).map(function (arg) {","                    return typeof arg === 'string'","                        ? arg","                        : JSON.stringify(arg, null, 4);","                }).join(' ') + '\\n';","                // scroll textarea to bottom","                element.scrollTop = element.scrollHeight;","            };","        });","        // init event-handling","        ['change', 'click', 'keyup'].forEach(function (event) {","            Array.from(document.querySelectorAll('.on' + event)).forEach(function (element) {","                element.addEventListener(event, local.testRunBrowser);","            });","        });","        // run tests","        local.testRunBrowser();","        break;","","","","    // run node js-env code - post-init","    /* istanbul ignore next */","    case 'node':","        // export local","        module.exports = local;","        // require modules","        local.fs = require('fs');","        local.http = require('http');","        local.url = require('url');","        // init assets","        local.assetsDict = local.assetsDict || {};","        /* jslint-ignore-begin */","        local.assetsDict['/assets.index.template.html'] = '\\","<!doctype html>\\n\\","<html lang=\"en\">\\n\\","<head>\\n\\","<meta charset=\"UTF-8\">\\n\\","<meta name=\"viewport\" content=\"width=device-width, initial-scale=1\">\\n\\","<title>{{env.npm_package_name}} (v{{env.npm_package_version}})</title>\\n\\","<style>\\n\\","/*csslint\\n\\","    box-sizing: false,\\n\\","    universal-selector: false\\n\\","*/\\n\\","* {\\n\\","    box-sizing: border-box;\\n\\","}\\n\\","body {\\n\\","    background: #dde;\\n\\","    font-family: Arial, Helvetica, sans-serif;\\n\\","    margin: 2rem;\\n\\","}\\n\\","body > * {\\n\\","    margin-bottom: 1rem;\\n\\","}\\n\\",".utility2FooterDiv {\\n\\","    margin-top: 20px;\\n\\","    text-align: center;\\n\\","}\\n\\","</style>\\n\\","<style>\\n\\","/*csslint\\n\\","*/\\n\\","textarea {\\n\\","    font-family: monospace;\\n\\","    height: 10rem;\\n\\","    width: 100%;\\n\\","}\\n\\","textarea[readonly] {\\n\\","    background: #ddd;\\n\\","}\\n\\","</style>\\n\\","</head>\\n\\","<body>\\n\\","<!-- utility2-comment\\n\\","<div id=\"ajaxProgressDiv1\" style=\"background: #d00; height: 2px; left: 0; margin: 0; padding: 0; position: fixed; top: 0; transition: background 0.5s, width 1.5s; width: 25%;\"></div>\\n\\","utility2-comment -->\\n\\","<h1>\\n\\","<!-- utility2-comment\\n\\","    <a\\n\\","        {{#if env.npm_package_homepage}}\\n\\","        href=\"{{env.npm_package_homepage}}\"\\n\\","        {{/if env.npm_package_homepage}}\\n\\","        target=\"_blank\"\\n\\","    >\\n\\","utility2-comment -->\\n\\","        {{env.npm_package_name}} (v{{env.npm_package_version}})\\n\\","<!-- utility2-comment\\n\\","    </a>\\n\\","utility2-comment -->\\n\\","</h1>\\n\\","<h3>{{env.npm_package_description}}</h3>\\n\\","<!-- utility2-comment\\n\\","<h4><a download href=\"assets.app.js\">download standalone app</a></h4>\\n\\","<button class=\"onclick onreset\" id=\"testRunButton1\">run internal test</button><br>\\n\\","<div id=\"testReportDiv1\" style=\"display: none;\"></div>\\n\\","utility2-comment -->\\n\\","\\n\\","\\n\\","\\n\\","<label>stderr and stdout</label>\\n\\","<textarea class=\"resettable\" id=\"outputTextareaStdout1\" readonly></textarea>\\n\\","<!-- utility2-comment\\n\\","{{#if isRollup}}\\n\\","<script src=\"assets.app.js\"></script>\\n\\","{{#unless isRollup}}\\n\\","utility2-comment -->\\n\\","<script src=\"assets.utility2.rollup.js\"></script>\\n\\","<script src=\"jsonp.utility2._stateInit?callback=window.utility2._stateInit\"></script>\\n\\","<script src=\"assets.npmtest_ios_sim.rollup.js\"></script>\\n\\","<script src=\"assets.example.js\"></script>\\n\\","<script src=\"assets.test.js\"></script>\\n\\","<!-- utility2-comment\\n\\","{{/if isRollup}}\\n\\","utility2-comment -->\\n\\","<div class=\"utility2FooterDiv\">\\n\\","    [ this app was created with\\n\\","    <a href=\"https://github.com/kaizhu256/node-utility2\" target=\"_blank\">utility2</a>\\n\\","    ]\\n\\","</div>\\n\\","</body>\\n\\","</html>\\n\\","';","        /* jslint-ignore-end */","        if (local.templateRender) {","            local.assetsDict['/'] = local.templateRender(","                local.assetsDict['/assets.index.template.html'],","                {","                    env: local.objectSetDefault(local.env, {","                        npm_package_description: 'the greatest app in the world!',","                        npm_package_name: 'my-app',","                        npm_package_nameAlias: 'my_app',","                        npm_package_version: '0.0.1'","                    })","                }","            );","        } else {","            local.assetsDict['/'] = local.assetsDict['/assets.index.template.html']","                .replace((/\\{\\{env\\.(\\w+?)\\}\\}/g), function (match0, match1) {","                    // jslint-hack","                    String(match0);","                    switch (match1) {","                    case 'npm_package_description':","                        return 'the greatest app in the world!';","                    case 'npm_package_name':","                        return 'my-app';","                    case 'npm_package_nameAlias':","                        return 'my_app';","                    case 'npm_package_version':","                        return '0.0.1';","                    }","                });","        }","        // run the cli","        if (local.global.utility2_rollup || module !== require.main) {","            break;","        }","        local.assetsDict['/assets.example.js'] =","            local.assetsDict['/assets.example.js'] ||","            local.fs.readFileSync(__filename, 'utf8');","        // bug-workaround - long $npm_package_buildCustomOrg","        /* jslint-ignore-begin */","        local.assetsDict['/assets.npmtest_ios_sim.rollup.js'] =","            local.assetsDict['/assets.npmtest_ios_sim.rollup.js'] ||","            local.fs.readFileSync(","                local.npmtest_ios_sim.__dirname + '/lib.npmtest_ios_sim.js',","                'utf8'","            ).replace((/^#!/), '//');","        /* jslint-ignore-end */","        local.assetsDict['/favicon.ico'] = local.assetsDict['/favicon.ico'] || '';","        // if $npm_config_timeout_exit exists,","        // then exit this process after $npm_config_timeout_exit ms","        if (Number(process.env.npm_config_timeout_exit)) {","            setTimeout(process.exit, Number(process.env.npm_config_timeout_exit));","        }","        // start server","        if (local.global.utility2_serverHttp1) {","            break;","        }","        process.env.PORT = process.env.PORT || '8081';","        console.error('server starting on port ' + process.env.PORT);","        local.http.createServer(function (request, response) {","            request.urlParsed = local.url.parse(request.url);","            if (local.assetsDict[request.urlParsed.pathname] !== undefined) {","                response.end(local.assetsDict[request.urlParsed.pathname]);","                return;","            }","            response.statusCode = 404;","            response.end();","        }).listen(process.env.PORT);","        break;","    }","}());",""],"l":{"26":2,"28":2,"33":2,"35":2,"37":2,"38":2,"39":2,"44":1,"51":2,"55":2,"59":2,"61":2,"69":1,"70":2,"76":2,"79":2,"82":2,"83":2,"85":1,"89":2,"92":1,"93":1,"94":1,"96":1,"97":1,"100":1,"101":1,"103":1,"106":1,"108":2,"114":1,"116":1,"118":1,"123":1,"124":2,"125":2,"126":3,"127":3,"128":3,"129":3,"130":1,"133":3,"134":3,"139":3,"143":1,"144":3,"145":1,"149":1,"150":1,"158":1,"160":1,"161":1,"162":1,"164":1,"166":1,"258":1,"259":1,"271":1,"274":6,"275":6,"277":1,"279":2,"281":1,"283":2,"288":1,"289":1,"291":1,"296":1,"303":1,"306":1,"307":1,"310":1,"311":1,"313":1,"314":1,"315":1,"316":1,"317":1,"318":1,"319":1,"321":1,"322":1,"324":1}},"/home/travis/build/npmtest/node-npmtest-ios-sim/node_modules/ios-sim/ios-sim.js":{"path":"/home/travis/build/npmtest/node-npmtest-ios-sim/node_modules/ios-sim/ios-sim.js","s":{"1":1,"2":1,"3":1},"b":{},"f":{},"fnMap":{},"statementMap":{"1":{"start":{"line":1,"column":0},"end":{"line":1,"column":37}},"2":{"start":{"line":2,"column":0},"end":{"line":2,"column":14}},"3":{"start":{"line":4,"column":0},"end":{"line":4,"column":34}}},"branchMap":{},"code":["var iossim = require('./src/lib.js');","iossim.init();","","exports = module.exports = iossim;",""],"l":{"1":1,"2":1,"4":1}},"/home/travis/build/npmtest/node-npmtest-ios-sim/node_modules/ios-sim/src/lib.js":{"path":"/home/travis/build/npmtest/node-npmtest-ios-sim/node_modules/ios-sim/src/lib.js","s":{"1":1,"2":1,"3":1,"4":1,"5":1,"6":0,"7":0,"8":0,"9":0,"10":0,"11":0,"12":0,"13":0,"14":0,"15":0,"16":0,"17":0,"18":0,"19":1,"20":0,"21":0,"22":0,"23":0,"24":0,"25":0,"26":0,"27":0,"28":0,"29":0,"30":0,"31":0,"32":0,"33":0,"34":0,"35":1,"36":0,"37":0,"38":0,"39":0,"40":0,"41":0,"42":0,"43":1,"44":0,"45":0,"46":0,"47":0,"48":0,"49":0,"50":0,"51":0,"52":0,"53":0,"54":0,"55":0,"56":0,"57":0,"58":0,"59":0,"60":0,"61":0,"62":0,"63":0,"64":0,"65":0,"66":0,"67":0,"68":0,"69":0,"70":0,"71":0,"72":0,"73":0,"74":0,"75":0,"76":0,"77":0,"78":0,"79":0,"80":0,"81":0,"82":0,"83":0,"84":0,"85":1,"86":0,"87":0,"88":0,"89":1,"90":1,"91":1,"92":1,"93":1,"94":1,"95":1,"96":1,"97":1,"98":0,"99":0,"100":0,"101":0,"102":0,"103":0,"104":0,"105":0,"106":0,"107":0,"108":0,"109":0,"110":0,"111":0,"112":0,"113":0,"114":0,"115":0,"116":0,"117":0,"118":0,"119":0,"120":0,"121":0,"122":0,"123":0,"124":0,"125":0,"126":0,"127":0,"128":0,"129":0,"130":0,"131":0,"132":0,"133":0,"134":0,"135":0,"136":0,"137":0,"138":0,"139":0,"140":0,"141":0,"142":0,"143":0,"144":0,"145":0,"146":0,"147":0,"148":0,"149":0,"150":0,"151":0,"152":0,"153":0,"154":0,"155":0,"156":0,"157":0,"158":0,"159":0,"160":0,"161":0,"162":0,"163":0,"164":0,"165":0,"166":0,"167":0,"168":0,"169":0,"170":0,"171":0,"172":0,"173":0,"174":0,"175":0,"176":1},"b":{"1":[0,0],"2":[0,0],"3":[0,0],"4":[0,0],"5":[0,0],"6":[0,0],"7":[0,0],"8":[0,0],"9":[0,0],"10":[0,0],"11":[0,0],"12":[0,0],"13":[0,0],"14":[0,0],"15":[0,0],"16":[0,0],"17":[0,0],"18":[0,0],"19":[0,0],"20":[0,0],"21":[1,0],"22":[1,0],"23":[1,0],"24":[0,0],"25":[0,0],"26":[0,0],"27":[0,0],"28":[0,0],"29":[0,0],"30":[0,0],"31":[0,0],"32":[0,0],"33":[0,0],"34":[0,0],"35":[0,0],"36":[0,0]},"f":{"1":0,"2":0,"3":0,"4":0,"5":0,"6":0,"7":0,"8":0,"9":0,"10":0,"11":0,"12":0,"13":0,"14":0,"15":1,"16":0,"17":0,"18":0,"19":0,"20":0,"21":0,"22":0,"23":0,"24":0,"25":0,"26":0,"27":0,"28":0,"29":0},"fnMap":{"1":{"name":"findFirstAvailableDevice","line":34,"loc":{"start":{"line":34,"column":0},"end":{"line":34,"column":40}}},"2":{"name":"(anonymous_2)","line":53,"loc":{"start":{"line":53,"column":26},"end":{"line":53,"column":44}}},"3":{"name":"(anonymous_3)","line":59,"loc":{"start":{"line":59,"column":22},"end":{"line":59,"column":44}}},"4":{"name":"(anonymous_4)","line":60,"loc":{"start":{"line":60,"column":33},"end":{"line":60,"column":50}}},"5":{"name":"findRuntimesGroupByDeviceProperty","line":77,"loc":{"start":{"line":77,"column":0},"end":{"line":77,"column":80}}},"6":{"name":"(anonymous_6)","line":89,"loc":{"start":{"line":89,"column":26},"end":{"line":89,"column":44}}},"7":{"name":"(anonymous_7)","line":95,"loc":{"start":{"line":95,"column":25},"end":{"line":95,"column":47}}},"8":{"name":"(anonymous_8)","line":96,"loc":{"start":{"line":96,"column":36},"end":{"line":96,"column":53}}},"9":{"name":"findAvailableRuntime","line":115,"loc":{"start":{"line":115,"column":0},"end":{"line":115,"column":49}}},"10":{"name":"getDeviceFromDeviceTypeId","line":130,"loc":{"start":{"line":130,"column":0},"end":{"line":130,"column":49}}},"11":{"name":"(anonymous_11)","line":176,"loc":{"start":{"line":176,"column":49},"end":{"line":176,"column":71}}},"12":{"name":"(anonymous_12)","line":202,"loc":{"start":{"line":202,"column":43},"end":{"line":202,"column":65}}},"13":{"name":"(anonymous_13)","line":205,"loc":{"start":{"line":205,"column":44},"end":{"line":205,"column":61}}},"14":{"name":"filterDeviceName","line":227,"loc":{"start":{"line":227,"column":0},"end":{"line":227,"column":38}}},"15":{"name":"(anonymous_15)","line":237,"loc":{"start":{"line":237,"column":10},"end":{"line":237,"column":21}}},"16":{"name":"(anonymous_16)","line":253,"loc":{"start":{"line":253,"column":14},"end":{"line":253,"column":29}}},"17":{"name":"(anonymous_17)","line":258,"loc":{"start":{"line":258,"column":30},"end":{"line":258,"column":48}}},"18":{"name":"(anonymous_18)","line":268,"loc":{"start":{"line":268,"column":20},"end":{"line":268,"column":35}}},"19":{"name":"(anonymous_19)","line":275,"loc":{"start":{"line":275,"column":33},"end":{"line":275,"column":50}}},"20":{"name":"(anonymous_20)","line":280,"loc":{"start":{"line":280,"column":21},"end":{"line":280,"column":51}}},"21":{"name":"(anonymous_21)","line":285,"loc":{"start":{"line":285,"column":18},"end":{"line":285,"column":39}}},"22":{"name":"(anonymous_22)","line":286,"loc":{"start":{"line":286,"column":19},"end":{"line":286,"column":37}}},"23":{"name":"(anonymous_23)","line":306,"loc":{"start":{"line":306,"column":21},"end":{"line":306,"column":36}}},"24":{"name":"(anonymous_24)","line":307,"loc":{"start":{"line":307,"column":38},"end":{"line":307,"column":55}}},"25":{"name":"(anonymous_25)","line":313,"loc":{"start":{"line":313,"column":12},"end":{"line":313,"column":62}}},"26":{"name":"(anonymous_26)","line":324,"loc":{"start":{"line":324,"column":42},"end":{"line":324,"column":61}}},"27":{"name":"(anonymous_27)","line":361,"loc":{"start":{"line":361,"column":13},"end":{"line":361,"column":57}}},"28":{"name":"(anonymous_28)","line":372,"loc":{"start":{"line":372,"column":42},"end":{"line":372,"column":61}}},"29":{"name":"(anonymous_29)","line":398,"loc":{"start":{"line":398,"column":11},"end":{"line":398,"column":34}}}},"statementMap":{"1":{"start":{"line":26,"column":0},"end":{"line":29,"column":27}},"2":{"start":{"line":30,"column":0},"end":{"line":30,"column":11}},"3":{"start":{"line":31,"column":0},"end":{"line":31,"column":11}},"4":{"start":{"line":32,"column":0},"end":{"line":32,"column":10}},"5":{"start":{"line":34,"column":0},"end":{"line":75,"column":1}},"6":{"start":{"line":45,"column":4},"end":{"line":49,"column":6}},"7":{"start":{"line":51,"column":4},"end":{"line":51,"column":32}},"8":{"start":{"line":53,"column":4},"end":{"line":57,"column":7}},"9":{"start":{"line":54,"column":8},"end":{"line":56,"column":9}},"10":{"start":{"line":55,"column":12},"end":{"line":55,"column":54}},"11":{"start":{"line":59,"column":4},"end":{"line":72,"column":7}},"12":{"start":{"line":60,"column":8},"end":{"line":70,"column":11}},"13":{"start":{"line":61,"column":12},"end":{"line":68,"column":13}},"14":{"start":{"line":62,"column":16},"end":{"line":66,"column":18}},"15":{"start":{"line":67,"column":16},"end":{"line":67,"column":28}},"16":{"start":{"line":69,"column":12},"end":{"line":69,"column":25}},"17":{"start":{"line":71,"column":8},"end":{"line":71,"column":21}},"18":{"start":{"line":74,"column":4},"end":{"line":74,"column":19}},"19":{"start":{"line":77,"column":0},"end":{"line":113,"column":1}},"20":{"start":{"line":86,"column":4},"end":{"line":86,"column":22}},"21":{"start":{"line":87,"column":4},"end":{"line":87,"column":32}},"22":{"start":{"line":89,"column":4},"end":{"line":93,"column":7}},"23":{"start":{"line":90,"column":8},"end":{"line":92,"column":9}},"24":{"start":{"line":91,"column":12},"end":{"line":91,"column":54}},"25":{"start":{"line":95,"column":4},"end":{"line":110,"column":7}},"26":{"start":{"line":96,"column":8},"end":{"line":109,"column":11}},"27":{"start":{"line":97,"column":12},"end":{"line":97,"column":61}},"28":{"start":{"line":99,"column":12},"end":{"line":101,"column":13}},"29":{"start":{"line":100,"column":16},"end":{"line":100,"column":51}},"30":{"start":{"line":102,"column":12},"end":{"line":108,"column":13}},"31":{"start":{"line":103,"column":16},"end":{"line":105,"column":17}},"32":{"start":{"line":104,"column":20},"end":{"line":104,"column":76}},"33":{"start":{"line":107,"column":16},"end":{"line":107,"column":72}},"34":{"start":{"line":112,"column":4},"end":{"line":112,"column":20}},"35":{"start":{"line":115,"column":0},"end":{"line":128,"column":1}},"36":{"start":{"line":117,"column":4},"end":{"line":117,"column":78}},"37":{"start":{"line":118,"column":4},"end":{"line":118,"column":66}},"38":{"start":{"line":119,"column":4},"end":{"line":119,"column":56}},"39":{"start":{"line":121,"column":4},"end":{"line":124,"column":5}},"40":{"start":{"line":122,"column":8},"end":{"line":122,"column":98}},"41":{"start":{"line":123,"column":8},"end":{"line":123,"column":24}},"42":{"start":{"line":127,"column":4},"end":{"line":127,"column":33}},"43":{"start":{"line":130,"column":0},"end":{"line":224,"column":1}},"44":{"start":{"line":141,"column":4},"end":{"line":145,"column":6}},"45":{"start":{"line":147,"column":4},"end":{"line":147,"column":37}},"46":{"start":{"line":148,"column":4},"end":{"line":148,"column":41}},"47":{"start":{"line":150,"column":4},"end":{"line":150,"column":17}},"48":{"start":{"line":151,"column":4},"end":{"line":153,"column":5}},"49":{"start":{"line":152,"column":8},"end":{"line":152,"column":38}},"50":{"start":{"line":157,"column":4},"end":{"line":157,"column":26}},"51":{"start":{"line":158,"column":4},"end":{"line":167,"column":5}},"52":{"start":{"line":159,"column":8},"end":{"line":159,"column":48}},"53":{"start":{"line":160,"column":8},"end":{"line":160,"column":115}},"54":{"start":{"line":161,"column":8},"end":{"line":161,"column":18}},"55":{"start":{"line":163,"column":8},"end":{"line":163,"column":35}},"56":{"start":{"line":164,"column":8},"end":{"line":166,"column":9}},"57":{"start":{"line":165,"column":12},"end":{"line":165,"column":44}},"58":{"start":{"line":170,"column":4},"end":{"line":170,"column":58}},"59":{"start":{"line":171,"column":4},"end":{"line":173,"column":5}},"60":{"start":{"line":172,"column":8},"end":{"line":172,"column":41}},"61":{"start":{"line":176,"column":4},"end":{"line":183,"column":7}},"62":{"start":{"line":177,"column":8},"end":{"line":180,"column":9}},"63":{"start":{"line":178,"column":12},"end":{"line":178,"column":44}},"64":{"start":{"line":179,"column":12},"end":{"line":179,"column":24}},"65":{"start":{"line":182,"column":8},"end":{"line":182,"column":21}},"66":{"start":{"line":186,"column":4},"end":{"line":189,"column":5}},"67":{"start":{"line":187,"column":8},"end":{"line":187,"column":87}},"68":{"start":{"line":188,"column":8},"end":{"line":188,"column":24}},"69":{"start":{"line":192,"column":4},"end":{"line":194,"column":5}},"70":{"start":{"line":193,"column":8},"end":{"line":193,"column":67}},"71":{"start":{"line":197,"column":4},"end":{"line":199,"column":5}},"72":{"start":{"line":198,"column":8},"end":{"line":198,"column":65}},"73":{"start":{"line":202,"column":4},"end":{"line":214,"column":7}},"74":{"start":{"line":204,"column":8},"end":{"line":212,"column":9}},"75":{"start":{"line":205,"column":12},"end":{"line":211,"column":15}},"76":{"start":{"line":206,"column":16},"end":{"line":209,"column":17}},"77":{"start":{"line":207,"column":20},"end":{"line":207,"column":43}},"78":{"start":{"line":208,"column":20},"end":{"line":208,"column":32}},"79":{"start":{"line":210,"column":16},"end":{"line":210,"column":29}},"80":{"start":{"line":213,"column":8},"end":{"line":213,"column":21}},"81":{"start":{"line":216,"column":4},"end":{"line":221,"column":5}},"82":{"start":{"line":217,"column":8},"end":{"line":219,"column":10}},"83":{"start":{"line":220,"column":8},"end":{"line":220,"column":24}},"84":{"start":{"line":223,"column":4},"end":{"line":223,"column":19}},"85":{"start":{"line":227,"column":0},"end":{"line":233,"column":1}},"86":{"start":{"line":229,"column":4},"end":{"line":231,"column":5}},"87":{"start":{"line":230,"column":8},"end":{"line":230,"column":53}},"88":{"start":{"line":232,"column":4},"end":{"line":232,"column":22}},"89":{"start":{"line":235,"column":0},"end":{"line":408,"column":2}},"90":{"start":{"line":238,"column":8},"end":{"line":240,"column":9}},"91":{"start":{"line":239,"column":12},"end":{"line":239,"column":39}},"92":{"start":{"line":241,"column":8},"end":{"line":241,"column":50}},"93":{"start":{"line":242,"column":8},"end":{"line":245,"column":9}},"94":{"start":{"line":243,"column":12},"end":{"line":243,"column":41}},"95":{"start":{"line":244,"column":12},"end":{"line":244,"column":28}},"96":{"start":{"line":247,"column":8},"end":{"line":249,"column":9}},"97":{"start":{"line":248,"column":12},"end":{"line":248,"column":46}},"98":{"start":{"line":254,"column":8},"end":{"line":254,"column":55}},"99":{"start":{"line":255,"column":8},"end":{"line":255,"column":45}},"100":{"start":{"line":257,"column":8},"end":{"line":257,"column":44}},"101":{"start":{"line":258,"column":8},"end":{"line":263,"column":11}},"102":{"start":{"line":259,"column":12},"end":{"line":262,"column":13}},"103":{"start":{"line":260,"column":16},"end":{"line":260,"column":83}},"104":{"start":{"line":261,"column":16},"end":{"line":261,"column":56}},"105":{"start":{"line":269,"column":8},"end":{"line":269,"column":39}},"106":{"start":{"line":270,"column":8},"end":{"line":270,"column":45}},"107":{"start":{"line":272,"column":8},"end":{"line":272,"column":78}},"108":{"start":{"line":273,"column":8},"end":{"line":273,"column":29}},"109":{"start":{"line":275,"column":8},"end":{"line":277,"column":11}},"110":{"start":{"line":276,"column":12},"end":{"line":276,"column":69}},"111":{"start":{"line":279,"column":8},"end":{"line":279,"column":18}},"112":{"start":{"line":280,"column":8},"end":{"line":283,"column":10}},"113":{"start":{"line":282,"column":12},"end":{"line":282,"column":157}},"114":{"start":{"line":285,"column":8},"end":{"line":289,"column":10}},"115":{"start":{"line":286,"column":12},"end":{"line":288,"column":14}},"116":{"start":{"line":287,"column":16},"end":{"line":287,"column":44}},"117":{"start":{"line":291,"column":8},"end":{"line":300,"column":9}},"118":{"start":{"line":292,"column":12},"end":{"line":292,"column":51}},"119":{"start":{"line":293,"column":12},"end":{"line":293,"column":53}},"120":{"start":{"line":295,"column":12},"end":{"line":297,"column":13}},"121":{"start":{"line":296,"column":16},"end":{"line":296,"column":25}},"122":{"start":{"line":299,"column":12},"end":{"line":299,"column":41}},"123":{"start":{"line":301,"column":8},"end":{"line":301,"column":20}},"124":{"start":{"line":307,"column":8},"end":{"line":309,"column":11}},"125":{"start":{"line":308,"column":12},"end":{"line":308,"column":32}},"126":{"start":{"line":314,"column":8},"end":{"line":314,"column":38}},"127":{"start":{"line":315,"column":8},"end":{"line":315,"column":28}},"128":{"start":{"line":316,"column":8},"end":{"line":316,"column":27}},"129":{"start":{"line":318,"column":8},"end":{"line":318,"column":59}},"130":{"start":{"line":319,"column":8},"end":{"line":322,"column":9}},"131":{"start":{"line":320,"column":12},"end":{"line":320,"column":64}},"132":{"start":{"line":321,"column":12},"end":{"line":321,"column":28}},"133":{"start":{"line":324,"column":8},"end":{"line":358,"column":11}},"134":{"start":{"line":326,"column":12},"end":{"line":339,"column":13}},"135":{"start":{"line":328,"column":16},"end":{"line":330,"column":17}},"136":{"start":{"line":329,"column":20},"end":{"line":329,"column":45}},"137":{"start":{"line":331,"column":16},"end":{"line":331,"column":76}},"138":{"start":{"line":332,"column":16},"end":{"line":336,"column":17}},"139":{"start":{"line":333,"column":20},"end":{"line":333,"column":60}},"140":{"start":{"line":335,"column":20},"end":{"line":335,"column":30}},"141":{"start":{"line":338,"column":16},"end":{"line":338,"column":59}},"142":{"start":{"line":341,"column":12},"end":{"line":341,"column":30}},"143":{"start":{"line":345,"column":12},"end":{"line":345,"column":65}},"144":{"start":{"line":348,"column":12},"end":{"line":348,"column":47}},"145":{"start":{"line":349,"column":12},"end":{"line":349,"column":48}},"146":{"start":{"line":350,"column":12},"end":{"line":350,"column":78}},"147":{"start":{"line":351,"column":12},"end":{"line":351,"column":50}},"148":{"start":{"line":352,"column":12},"end":{"line":354,"column":13}},"149":{"start":{"line":353,"column":16},"end":{"line":353,"column":75}},"150":{"start":{"line":355,"column":12},"end":{"line":357,"column":13}},"151":{"start":{"line":356,"column":16},"end":{"line":356,"column":32}},"152":{"start":{"line":362,"column":8},"end":{"line":362,"column":38}},"153":{"start":{"line":363,"column":8},"end":{"line":363,"column":28}},"154":{"start":{"line":364,"column":8},"end":{"line":364,"column":27}},"155":{"start":{"line":366,"column":8},"end":{"line":366,"column":59}},"156":{"start":{"line":367,"column":8},"end":{"line":370,"column":9}},"157":{"start":{"line":368,"column":12},"end":{"line":368,"column":64}},"158":{"start":{"line":369,"column":12},"end":{"line":369,"column":28}},"159":{"start":{"line":372,"column":8},"end":{"line":395,"column":11}},"160":{"start":{"line":374,"column":12},"end":{"line":376,"column":13}},"161":{"start":{"line":375,"column":16},"end":{"line":375,"column":26}},"162":{"start":{"line":378,"column":12},"end":{"line":378,"column":55}},"163":{"start":{"line":382,"column":12},"end":{"line":382,"column":65}},"164":{"start":{"line":385,"column":12},"end":{"line":385,"column":47}},"165":{"start":{"line":386,"column":12},"end":{"line":386,"column":48}},"166":{"start":{"line":388,"column":12},"end":{"line":388,"column":50}},"167":{"start":{"line":389,"column":12},"end":{"line":391,"column":13}},"168":{"start":{"line":390,"column":16},"end":{"line":390,"column":75}},"169":{"start":{"line":392,"column":12},"end":{"line":394,"column":13}},"170":{"start":{"line":393,"column":16},"end":{"line":393,"column":32}},"171":{"start":{"line":399,"column":8},"end":{"line":399,"column":24}},"172":{"start":{"line":400,"column":8},"end":{"line":404,"column":9}},"173":{"start":{"line":401,"column":12},"end":{"line":401,"column":61}},"174":{"start":{"line":403,"column":12},"end":{"line":403,"column":29}},"175":{"start":{"line":406,"column":8},"end":{"line":406,"column":43}},"176":{"start":{"line":410,"column":0},"end":{"line":410,"column":21}}},"branchMap":{"1":{"line":54,"type":"if","locations":[{"start":{"line":54,"column":8},"end":{"line":54,"column":8}},{"start":{"line":54,"column":8},"end":{"line":54,"column":8}}]},"2":{"line":61,"type":"if","locations":[{"start":{"line":61,"column":12},"end":{"line":61,"column":12}},{"start":{"line":61,"column":12},"end":{"line":61,"column":12}}]},"3":{"line":90,"type":"if","locations":[{"start":{"line":90,"column":8},"end":{"line":90,"column":8}},{"start":{"line":90,"column":8},"end":{"line":90,"column":8}}]},"4":{"line":99,"type":"if","locations":[{"start":{"line":99,"column":12},"end":{"line":99,"column":12}},{"start":{"line":99,"column":12},"end":{"line":99,"column":12}}]},"5":{"line":102,"type":"if","locations":[{"start":{"line":102,"column":12},"end":{"line":102,"column":12}},{"start":{"line":102,"column":12},"end":{"line":102,"column":12}}]},"6":{"line":103,"type":"if","locations":[{"start":{"line":103,"column":16},"end":{"line":103,"column":16}},{"start":{"line":103,"column":16},"end":{"line":103,"column":16}}]},"7":{"line":119,"type":"binary-expr","locations":[{"start":{"line":119,"column":24},"end":{"line":119,"column":32}},{"start":{"line":119,"column":36},"end":{"line":119,"column":55}}]},"8":{"line":121,"type":"if","locations":[{"start":{"line":121,"column":4},"end":{"line":121,"column":4}},{"start":{"line":121,"column":4},"end":{"line":121,"column":4}}]},"9":{"line":151,"type":"if","locations":[{"start":{"line":151,"column":4},"end":{"line":151,"column":4}},{"start":{"line":151,"column":4},"end":{"line":151,"column":4}}]},"10":{"line":158,"type":"if","locations":[{"start":{"line":158,"column":4},"end":{"line":158,"column":4}},{"start":{"line":158,"column":4},"end":{"line":158,"column":4}}]},"11":{"line":164,"type":"if","locations":[{"start":{"line":164,"column":8},"end":{"line":164,"column":8}},{"start":{"line":164,"column":8},"end":{"line":164,"column":8}}]},"12":{"line":171,"type":"if","locations":[{"start":{"line":171,"column":4},"end":{"line":171,"column":4}},{"start":{"line":171,"column":4},"end":{"line":171,"column":4}}]},"13":{"line":177,"type":"if","locations":[{"start":{"line":177,"column":8},"end":{"line":177,"column":8}},{"start":{"line":177,"column":8},"end":{"line":177,"column":8}}]},"14":{"line":186,"type":"if","locations":[{"start":{"line":186,"column":4},"end":{"line":186,"column":4}},{"start":{"line":186,"column":4},"end":{"line":186,"column":4}}]},"15":{"line":192,"type":"if","locations":[{"start":{"line":192,"column":4},"end":{"line":192,"column":4}},{"start":{"line":192,"column":4},"end":{"line":192,"column":4}}]},"16":{"line":197,"type":"if","locations":[{"start":{"line":197,"column":4},"end":{"line":197,"column":4}},{"start":{"line":197,"column":4},"end":{"line":197,"column":4}}]},"17":{"line":204,"type":"if","locations":[{"start":{"line":204,"column":8},"end":{"line":204,"column":8}},{"start":{"line":204,"column":8},"end":{"line":204,"column":8}}]},"18":{"line":206,"type":"if","locations":[{"start":{"line":206,"column":16},"end":{"line":206,"column":16}},{"start":{"line":206,"column":16},"end":{"line":206,"column":16}}]},"19":{"line":216,"type":"if","locations":[{"start":{"line":216,"column":4},"end":{"line":216,"column":4}},{"start":{"line":216,"column":4},"end":{"line":216,"column":4}}]},"20":{"line":229,"type":"if","locations":[{"start":{"line":229,"column":4},"end":{"line":229,"column":4}},{"start":{"line":229,"column":4},"end":{"line":229,"column":4}}]},"21":{"line":238,"type":"if","locations":[{"start":{"line":238,"column":8},"end":{"line":238,"column":8}},{"start":{"line":238,"column":8},"end":{"line":238,"column":8}}]},"22":{"line":242,"type":"if","locations":[{"start":{"line":242,"column":8},"end":{"line":242,"column":8}},{"start":{"line":242,"column":8},"end":{"line":242,"column":8}}]},"23":{"line":247,"type":"if","locations":[{"start":{"line":247,"column":8},"end":{"line":247,"column":8}},{"start":{"line":247,"column":8},"end":{"line":247,"column":8}}]},"24":{"line":259,"type":"if","locations":[{"start":{"line":259,"column":12},"end":{"line":259,"column":12}},{"start":{"line":259,"column":12},"end":{"line":259,"column":12}}]},"25":{"line":295,"type":"if","locations":[{"start":{"line":295,"column":12},"end":{"line":295,"column":12}},{"start":{"line":295,"column":12},"end":{"line":295,"column":12}}]},"26":{"line":319,"type":"if","locations":[{"start":{"line":319,"column":8},"end":{"line":319,"column":8}},{"start":{"line":319,"column":8},"end":{"line":319,"column":8}}]},"27":{"line":326,"type":"if","locations":[{"start":{"line":326,"column":12},"end":{"line":326,"column":12}},{"start":{"line":326,"column":12},"end":{"line":326,"column":12}}]},"28":{"line":328,"type":"if","locations":[{"start":{"line":328,"column":16},"end":{"line":328,"column":16}},{"start":{"line":328,"column":16},"end":{"line":328,"column":16}}]},"29":{"line":332,"type":"if","locations":[{"start":{"line":332,"column":16},"end":{"line":332,"column":16}},{"start":{"line":332,"column":16},"end":{"line":332,"column":16}}]},"30":{"line":341,"type":"binary-expr","locations":[{"start":{"line":341,"column":19},"end":{"line":341,"column":23}},{"start":{"line":341,"column":27},"end":{"line":341,"column":29}}]},"31":{"line":352,"type":"if","locations":[{"start":{"line":352,"column":12},"end":{"line":352,"column":12}},{"start":{"line":352,"column":12},"end":{"line":352,"column":12}}]},"32":{"line":355,"type":"if","locations":[{"start":{"line":355,"column":12},"end":{"line":355,"column":12}},{"start":{"line":355,"column":12},"end":{"line":355,"column":12}}]},"33":{"line":367,"type":"if","locations":[{"start":{"line":367,"column":8},"end":{"line":367,"column":8}},{"start":{"line":367,"column":8},"end":{"line":367,"column":8}}]},"34":{"line":374,"type":"if","locations":[{"start":{"line":374,"column":12},"end":{"line":374,"column":12}},{"start":{"line":374,"column":12},"end":{"line":374,"column":12}}]},"35":{"line":389,"type":"if","locations":[{"start":{"line":389,"column":12},"end":{"line":389,"column":12}},{"start":{"line":389,"column":12},"end":{"line":389,"column":12}}]},"36":{"line":392,"type":"if","locations":[{"start":{"line":392,"column":12},"end":{"line":392,"column":12}},{"start":{"line":392,"column":12},"end":{"line":392,"column":12}}]}},"code":["/*","The MIT License (MIT)","","Copyright (c) 2014 Shazron Abdullah","","Permission is hereby granted, free of charge, to any person obtaining a copy","of this software and associated documentation files (the \"Software\"), to deal","in the Software without restriction, including without limitation the rights","to use, copy, modify, merge, publish, distribute, sublicense, and/or sell","copies of the Software, and to permit persons to whom the Software is","furnished to do so, subject to the following conditions:","","The above copyright notice and this permission notice shall be included in","all copies or substantial portions of the Software.","","THE SOFTWARE IS PROVIDED \"AS IS\", WITHOUT WARRANTY OF ANY KIND, EXPRESS OR","IMPLIED, INCLUDING BUT NOT LIMITED TO THE WARRANTIES OF MERCHANTABILITY,","FITNESS FOR A PARTICULAR PURPOSE AND NONINFRINGEMENT. IN NO EVENT SHALL THE","AUTHORS OR COPYRIGHT HOLDERS BE LIABLE FOR ANY CLAIM, DAMAGES OR OTHER","LIABILITY, WHETHER IN AN ACTION OF CONTRACT, TORT OR OTHERWISE, ARISING FROM,","OUT OF OR IN CONNECTION WITH THE SOFTWARE OR THE USE OR OTHER DEALINGS IN","THE SOFTWARE.","*/","//jscs:disable maximumLineLength","","var path = require('path'),","    fs = require('fs'),","    help = require('./help'),","    util = require('util');","var simctl;","var bplist;","var plist;","","function findFirstAvailableDevice(list) {","    /*","        // Example result:","        {","            name : 'iPhone 6',","            id : 'A1193D97-F5EE-468D-9DBA-786F403766E6',","            runtime : 'iOS 8.3'","        }","    */","","    // the object to return","    var ret_obj = {","        name: null,","        id: null,","        runtime: null","    };","","    var available_runtimes = {};","","    list.runtimes.forEach(function(runtime) {","        if (runtime.available) {","            available_runtimes[ runtime.name ] = true;","        }","    });","","    list.devices.some(function(deviceGroup) {","        deviceGroup.devices.some(function(device) {","            if (available_runtimes[deviceGroup.runtime]) {","                ret_obj = {","                    name: device.name,","                    id: device.id,","                    runtime: deviceGroup.runtime","                };","                return true;","            }","            return false;","        });","        return false;","    });","","    return ret_obj;","}","","function findRuntimesGroupByDeviceProperty(list, deviceProperty, availableOnly) {","    /*","        // Example result:","        {","            \"iPhone 6\" : [ \"iOS 8.2\", \"iOS 8.3\"],","            \"iPhone 6 Plus\" : [ \"iOS 8.2\", \"iOS 8.3\"]","        }","    */","","    var runtimes = {};","    var available_runtimes = {};","","    list.runtimes.forEach(function(runtime) {","        if (runtime.available) {","            available_runtimes[ runtime.name ] = true;","        }","    });","","    list.devices.forEach(function(deviceGroup) {","        deviceGroup.devices.forEach(function(device) {","            var devicePropertyValue = device[deviceProperty];","","            if (!runtimes[devicePropertyValue]) {","                runtimes[devicePropertyValue] = [];","            }","            if (availableOnly) {","                if (available_runtimes[deviceGroup.runtime]) {","                    runtimes[devicePropertyValue].push(deviceGroup.runtime);","                }","            } else {","                runtimes[devicePropertyValue].push(deviceGroup.runtime);","            }","        });","    });","","    return runtimes;","}","","function findAvailableRuntime(list, device_name) {","","    var all_druntimes = findRuntimesGroupByDeviceProperty(list, 'name', true);","    var druntime = all_druntimes[ filterDeviceName(device_name) ];","    var runtime_found = druntime && druntime.length > 0;","","    if (!runtime_found) {","        console.error(util.format('No available runtimes could be found for \"%s\".', device_name));","        process.exit(1);","    }","","    // return most modern runtime","    return druntime.sort().pop();","}","","function getDeviceFromDeviceTypeId(devicetypeid) {","    /*","        // Example result:","        {","            name : 'iPhone 6',","            id : 'A1193D97-F5EE-468D-9DBA-786F403766E6',","            runtime : 'iOS 8.3'","        }","    */","","    // the object to return","    var ret_obj = {","        name: null,","        id: null,","        runtime: null","    };","","    var options = { 'silent': true };","    var list = simctl.list(options).json;","","    var arr = [];","    if (devicetypeid) {","        arr = devicetypeid.split(',');","    }","","    // get the devicetype from --devicetypeid","    // --devicetypeid is a string in the form \"devicetype, runtime_version\" (optional: runtime_version)","    var devicetype = null;","    if (arr.length < 1) {","        var dv = findFirstAvailableDevice(list);","        console.error(util.format('--devicetypeid was not specified, using first available device: %s.', dv.name));","        return dv;","    } else {","        devicetype = arr[0].trim();","        if (arr.length > 1) {","            ret_obj.runtime = arr[1].trim();","        }","    }","","    // check whether devicetype has the \"com.apple.CoreSimulator.SimDeviceType.\" prefix, if not, add it","    var prefix = 'com.apple.Cor
[...]
this software and associated documentation files (the \"Software\"), to deal","in the Software without restriction, including without limitation the rights","to use, copy, modify, merge, publish, distribute, sublicense, and/or sell","copies of the Software, and to permit persons to whom the Software is","furnished to do so, subject to the following conditions:","","The above copyright notice and this permission notice shall be included in","all copies or substantial portions of the Software.","","THE SOFTWARE IS PROVIDED \"AS IS\", WITHOUT WARRANTY OF ANY KIND, EXPRESS OR","IMPLIED, INCLUDING BUT NOT LIMITED TO THE WARRANTIES OF MERCHANTABILITY,","FITNESS FOR A PARTICULAR PURPOSE AND NONINFRINGEMENT. IN NO EVENT SHALL THE","AUTHORS OR COPYRIGHT HOLDERS BE LIABLE FOR ANY CLAIM, DAMAGES OR OTHER","LIABILITY, WHETHER IN AN ACTION OF CONTRACT, TORT OR OTHERWISE, ARISING FROM,","OUT OF OR IN CONNECTION WITH THE SOFTWARE OR THE USE OR OTHER DEALINGS IN","THE SOFTWARE.","*/","","var fs = require('fs'),","    path = require('path');","","function help() {","    var docdir = path.join(__dirname, '..', 'doc');","    var helpfile = path.join(docdir, 'help.txt');","","    if (fs.existsSync(helpfile)) {","        var s = fs.readFileSync(helpfile).toString('utf8');","        console.log(s);","    } else {","        console.log('Help file missing.');","    }","}","","module.exports = help;","",""],"l":{"25":1,"28":1,"29":0,"30":0,"32":0,"33":0,"34":0,"36":0,"40":1}},"/home/travis/build/npmtest/node-npmtest-ios-sim/node_modules/ios-sim/spec/cli.spec.js":{"path":"/home/travis/build/npmtest/node-npmtest-ios-sim/node_modules/ios-sim/spec/cli.spec.js","s":{"1":2,"2":0,"3":0},"b":{},"f":{"1":0,"2":0,"3":0},"fnMap":{"1":{"name":"(anonymous_1)","line":20,"loc":{"start":{"line":20,"column":27},"end":{"line":20,"column":38}}},"2":{"name":"(anonymous_2)","line":22,"loc":{"start":{"line":22,"column":15},"end":{"line":22,"column":26}}},"3":{"name":"(anonymous_3)","line":25,"loc":{"start":{"line":25,"column":14},"end":{"line":25,"column":25}}}},"statementMap":{"1":{"start":{"line":20,"column":0},"end":{"line":30,"column":3}},"2":{"start":{"line":22,"column":4},"end":{"line":23,"column":7}},"3":{"start":{"line":25,"column":4},"end":{"line":26,"column":7}}},"branchMap":{},"code":["/**","    Licensed to the Apache Software Foundation (ASF) under one","    or more contributor license agreements.  See the NOTICE file","    distributed with this work for additional information","    regarding copyright ownership.  The ASF licenses this file","    to you under the Apache License, Version 2.0 (the","    \"License\"); you may not use this file except in compliance","    with the License.  You may obtain a copy of the License at","","    http://www.apache.org/licenses/LICENSE-2.0","","    Unless required by applicable law or agreed to in writing,","    software distributed under the License is distributed on an","    \"AS IS\" BASIS, WITHOUT WARRANTIES OR CONDITIONS OF ANY","    KIND, either express or implied.  See the License for the","    specific language governing permissions and limitations","    under the License.","*/","","describe('cli end-to-end', function() {","","    beforeEach(function() {","    });","","    afterEach(function() {","    });","","    // it('', function(done) {","    // });","});"],"l":{"20":2,"22":0,"25":0}},"/home/travis/build/npmtest/node-npmtest-ios-sim/node_modules/ios-sim/spec/commands.spec.js":{"path":"/home/travis/build/npmtest/node-npmtest-ios-sim/node_modules/ios-sim/spec/commands.spec.js","s":{"1":2,"2":0,"3":0},"b":{},"f":{"1":0,"2":0,"3":0},"fnMap":{"1":{"name":"(anonymous_1)","line":20,"loc":{"start":{"line":20,"column":32},"end":{"line":20,"column":43}}},"2":{"name":"(anonymous_2)","line":22,"loc":{"start":{"line":22,"column":15},"end":{"line":22,"column":26}}},"3":{"name":"(anonymous_3)","line":25,"loc":{"start":{"line":25,"column":14},"end":{"line":25,"column":25}}}},"statementMap":{"1":{"start":{"line":20,"column":0},"end":{"line":30,"column":3}},"2":{"start":{"line":22,"column":4},"end":{"line":23,"column":7}},"3":{"start":{"line":25,"column":4},"end":{"line":26,"column":7}}},"branchMap":{},"code":["/**","    Licensed to the Apache Software Foundation (ASF) under one","    or more contributor license agreements.  See the NOTICE file","    distributed with this work for additional information","    regarding copyright ownership.  The ASF licenses this file","    to you under the Apache License, Version 2.0 (the","    \"License\"); you may not use this file except in compliance","    with the License.  You may obtain a copy of the License at","","    http://www.apache.org/licenses/LICENSE-2.0","","    Unless required by applicable law or agreed to in writing,","    software distributed under the License is distributed on an","    \"AS IS\" BASIS, WITHOUT WARRANTIES OR CONDITIONS OF ANY","    KIND, either express or implied.  See the License for the","    specific language governing permissions and limitations","    under the License.","*/","","describe('commands end-to-end', function() {","","    beforeEach(function() {","    });","","    afterEach(function() {","    });","","    // it('', function(done) {","    // });","});"],"l":{"20":2,"22":0,"25":0}},"/home/travis/build/npmtest/node-npmtest-ios-sim/node_modules/ios-sim/spec/lib.spec.js":{"path":"/home/travis/build/npmtest/node-npmtest-ios-sim/node_modules/ios-sim/spec/lib.spec.js","s":{"1":2,"2":0,"3":0},"b":{},"f":{"1":0,"2":0,"3":0},"fnMap":{"1":{"name":"(anonymous_1)","line":20,"loc":{"start":{"line":20,"column":27},"end":{"line":20,"column":38}}},"2":{"name":"(anonymous_2)","line":22,"loc":{"start":{"line":22,"column":15},"end":{"line":22,"column":26}}},"3":{"name":"(anonymous_3)","line":25,"loc":{"start":{"line":25,"column":14},"end":{"line":25,"column":25}}}},"statementMap":{"1":{"start":{"line":20,"column":0},"end":{"line":30,"column":3}},"2":{"start":{"line":22,"column":4},"end":{"line":23,"column":7}},"3":{"start":{"line":25,"column":4},"end":{"line":26,"column":7}}},"branchMap":{},"code":["/**","    Licensed to the Apache Software Foundation (ASF) under one","    or more contributor license agreements.  See the NOTICE file","    distributed with this work for additional information","    regarding copyright ownership.  The ASF licenses this file","    to you under the Apache License, Version 2.0 (the","    \"License\"); you may not use this file except in compliance","    with the License.  You may obtain a copy of the License at","","    http://www.apache.org/licenses/LICENSE-2.0","","    Unless required by applicable law or agreed to in writing,","    software distributed under the License is distributed on an","    \"AS IS\" BASIS, WITHOUT WARRANTIES OR CONDITIONS OF ANY","    KIND, either express or implied.  See the License for the","    specific language governing permissions and limitations","    under the License.","*/","","describe('lib end-to-end', function() {","","    beforeEach(function() {","    });","","    afterEach(function() {","    });","","    // it('', function(done) {","    // });","});"],"l":{"20":2,"22":0,"25":0}},"/home/travis/build/npmtest/node-npmtest-ios-sim/node_modules/ios-sim/src/cli.js":{"path":"/home/travis/build/npmtest/node-npmtest-ios-sim/node_modules/ios-sim/src/cli.js","s":{"1":1,"2":1,"3":1,"4":0,"5":0,"6":0,"7":0,"8":0,"9":1,"10":0,"11":0,"12":0,"13":0,"14":0,"15":0,"16":0,"17":0,"18":0,"19":0,"20":0,"21":0,"22":0,"23":0,"24":0,"25":0,"26":0,"27":0,"28":0,"29":1},"b":{"1":[0,0],"2":[0,0],"3":[0,0],"4":[0,0],"5":[0,0],"6":[0,0]},"f":{"1":0,"2":0,"3":0},"fnMap":{"1":{"name":"init","line":37,"loc":{"start":{"line":37,"column":0},"end":{"line":37,"column":16}}},"2":{"name":"cli","line":50,"loc":{"start":{"line":50,"column":0},"end":{"line":50,"column":24}}},"3":{"name":"(anonymous_3)","line":77,"loc":{"start":{"line":77,"column":36},"end":{"line":77,"column":50}}}},"statementMap":{"1":{"start":{"line":25,"column":0},"end":{"line":27,"column":29}},"2":{"start":{"line":28,"column":0},"end":{"line":28,"column":9}},"3":{"start":{"line":37,"column":0},"end":{"line":48,"column":1}},"4":{"start":{"line":38,"column":4},"end":{"line":47,"column":5}},"5":{"start":{"line":39,"column":8},"end":{"line":39,"column":31}},"6":{"start":{"line":40,"column":8},"end":{"line":40,"column":27}},"7":{"start":{"line":42,"column":8},"end":{"line":45,"column":10}},"8":{"start":{"line":46,"column":8},"end":{"line":46,"column":24}},"9":{"start":{"line":50,"column":0},"end":{"line":99,"column":1}},"10":{"start":{"line":51,"column":4},"end":{"line":66,"column":10}},"11":{"start":{"line":68,"column":4},"end":{"line":68,"column":26}},"12":{"start":{"line":71,"column":4},"end":{"line":71,"column":42}},"13":{"start":{"line":73,"column":4},"end":{"line":73,"column":11}},"14":{"start":{"line":75,"column":4},"end":{"line":75,"column":54}},"15":{"start":{"line":77,"column":4},"end":{"line":84,"column":7}},"16":{"start":{"line":78,"column":8},"end":{"line":82,"column":9}},"17":{"start":{"line":79,"column":12},"end":{"line":79,"column":39}},"18":{"start":{"line":81,"column":12},"end":{"line":81,"column":37}},"19":{"start":{"line":83,"column":8},"end":{"line":83,"column":24}},"20":{"start":{"line":86,"column":4},"end":{"line":86,"column":34}},"21":{"start":{"line":89,"column":4},"end":{"line":98,"column":5}},"22":{"start":{"line":90,"column":8},"end":{"line":90,"column":15}},"23":{"start":{"line":91,"column":11},"end":{"line":98,"column":5}},"24":{"start":{"line":92,"column":8},"end":{"line":92,"column":51}},"25":{"start":{"line":93,"column":11},"end":{"line":98,"column":5}},"26":{"start":{"line":94,"column":8},"end":{"line":94,"column":31}},"27":{"start":{"line":96,"column":8},"end":{"line":96,"column":15}},"28":{"start":{"line":97,"column":8},"end":{"line":97,"column":24}},"29":{"start":{"line":101,"column":0},"end":{"line":101,"column":21}}},"branchMap":{"1":{"line":71,"type":"binary-expr","locations":[{"start":{"line":71,"column":16},"end":{"line":71,"column":25}},{"start":{"line":71,"column":29},"end":{"line":71,"column":41}}]},"2":{"line":78,"type":"if","locations":[{"start":{"line":78,"column":8},"end":{"line":78,"column":8}},{"start":{"line":78,"column":8},"end":{"line":78,"column":8}}]},"3":{"line":89,"type":"if","locations":[{"start":{"line":89,"column":4},"end":{"line":89,"column":4}},{"start":{"line":89,"column":4},"end":{"line":89,"column":4}}]},"4":{"line":91,"type":"if","locations":[{"start":{"line":91,"column":11},"end":{"line":91,"column":11}},{"start":{"line":91,"column":11},"end":{"line":91,"column":11}}]},"5":{"line":93,"type":"if","locations":[{"start":{"line":93,"column":11},"end":{"line":93,"column":11}},{"start":{"line":93,"column":11},"end":{"line":93,"column":11}}]},"6":{"line":93,"type":"binary-expr","locations":[{"start":{"line":93,"column":15},"end":{"line":93,"column":18}},{"start":{"line":93,"column":22},"end":{"line":93,"column":38}}]}},"code":["/*","The MIT License (MIT)","","Copyright (c) 2014 Shazron Abdullah","","Permission is hereby granted, free of charge, to any person obtaining a copy","of this software and associated documentation files (the \"Software\"), to deal","in the Software without restriction, including without limitation the rights","to use, copy, modify, merge, publish, distribute, sublicense, and/or sell","copies of the Software, and to permit persons to whom the Software is","furnished to do so, subject to the following conditions:","","The above copyright notice and this permission notice shall be included in","all copies or substantial portions of the Software.","","THE SOFTWARE IS PROVIDED \"AS IS\", WITHOUT WARRANTY OF ANY KIND, EXPRESS OR","IMPLIED, INCLUDING BUT NOT LIMITED TO THE WARRANTIES OF MERCHANTABILITY,","FITNESS FOR A PARTICULAR PURPOSE AND NONINFRINGEMENT. IN NO EVENT SHALL THE","AUTHORS OR COPYRIGHT HOLDERS BE LIABLE FOR ANY CLAIM, DAMAGES OR OTHER","LIABILITY, WHETHER IN AN ACTION OF CONTRACT, TORT OR OTHERWISE, ARISING FROM,","OUT OF OR IN CONNECTION WITH THE SOFTWARE OR THE USE OR OTHER DEALINGS IN","THE SOFTWARE.","*/","","var path = require('path'),","    command_lib = require('./commands'),","    help = require('./help');","var nopt;","","/*"," * init"," *"," * initializes nopt and simctl"," * nopt, and simctl are require()d in try-catch below to print a nice error"," * message if one of them is not installed."," */","function init() {","    try {","        nopt = require('nopt');","        command_lib.init();","    } catch (e) {","        console.error(","            'Please run npm install from this directory:\\n\\t' +","            path.dirname(__dirname)","        );","        process.exit(2);","    }","}","","function cli(inputArgs) {","    var knownOpts =","        {","            'version': Boolean,","            'help': Boolean,","            'verbose': Boolean,","            'exit': Boolean,","            'use-gdb': Boolean,","            'uuid': String,","            'env': String,","            'setenv': String,","            'stdout': path,","            'stderr': path,","            'timeout': Number,","            'args': Array,","            'devicetypeid': String","        };","","    var shortHands = null;","","    // If no inputArgs given, use process.argv.","    inputArgs = inputArgs || process.argv;","","    init();","","    var args = nopt(knownOpts, shortHands, inputArgs);","","    process.on('uncaughtException', function(err) {","        if (!args.verbose) {","            console.error(err.message);","        } else {","            console.error(err.stack);","        }","        process.exit(1);","    });","","    var cmd = args.argv.remain[0];","","    // some options do *not* need commands and can be run","    if (args.help) {","        help();","    } else if (args.version) {","        console.log(require('../package').version);","    } else if (cmd && command_lib[cmd]) { // command found","        command_lib[cmd](args);","    } else {","        help();","        process.exit(1);","    }","}","","module.exports = cli;","",""],"l":{"25":1,"28":1,"37":1,"38":0,"39":0,"40":0,"42":0,"46":0,"50":1,"51":0,"68":0,"71":0,"73":0,"75":0,"77":0,"78":0,"79":0,"81":0,"83":0,"86":0,"89":0,"90":0,"91":0,"92":0,"93":0,"94":0,"96":0,"97":0,"101":1}},"/home/travis/build/npmtest/node-npmtest-ios-sim/node_modules/ios-sim/src/commands.js":{"path":"/home/travis/build/npmtest/node-npmtest-ios-sim/node_modules/ios-sim/src/commands.js","s":{"1":1,"2":1,"3":0,"4":0,"5":0,"6":0,"7":0,"8":0,"9":0,"10":0,"11":0,"12":0,"13":0,"14":0,"15":0,"16":0,"17":0,"18":0,"19":0,"20":0,"21":0,"22":0,"23":1},"b":{"1":[0,0],"2":[0,0]},"f":{"1":0,"2":0,"3":0,"4":0,"5":0,"6":0},"fnMap":{"1":{"name":"(anonymous_1)","line":33,"loc":{"start":{"line":33,"column":10},"end":{"line":33,"column":21}}},"2":{"name":"(anonymous_2)","line":38,"loc":{"start":{"line":38,"column":14},"end":{"line":38,"column":29}}},"3":{"name":"(anonymous_3)","line":44,"loc":{"start":{"line":44,"column":21},"end":{"line":44,"column":36}}},"4":{"name":"(anonymous_4)","line":49,"loc":{"start":{"line":49,"column":12},"end":{"line":49,"column":27}}},"5":{"name":"(anonymous_5)","line":63,"loc":{"start":{"line":63,"column":13},"end":{"line":63,"column":28}}},"6":{"name":"(anonymous_6)","line":79,"loc":{"start":{"line":79,"column":11},"end":{"line":79,"column":26}}}},"statementMap":{"1":{"start":{"line":25,"column":0},"end":{"line":29,"column":27}},"2":{"start":{"line":31,"column":0},"end":{"line":82,"column":2}},"3":{"start":{"line":34,"column":8},"end":{"line":34,"column":19}},"4":{"start":{"line":39,"column":8},"end":{"line":39,"column":23}},"5":{"start":{"line":45,"column":8},"end":{"line":45,"column":30}},"6":{"start":{"line":50,"column":8},"end":{"line":50,"column":38}},"7":{"start":{"line":51,"column":8},"end":{"line":51,"column":21}},"8":{"start":{"line":53,"column":8},"end":{"line":56,"column":9}},"9":{"start":{"line":54,"column":12},"end":{"line":54,"column":19}},"10":{"start":{"line":55,"column":12},"end":{"line":55,"column":28}},"11":{"start":{"line":58,"column":8},"end":{"line":58,"column":39}},"12":{"start":{"line":60,"column":8},"end":{"line":60,"column":80}},"13":{"start":{"line":64,"column":8},"end":{"line":64,"column":27}},"14":{"start":{"line":65,"column":8},"end":{"line":65,"column":17}},"15":{"start":{"line":66,"column":8},"end":{"line":66,"column":21}},"16":{"start":{"line":67,"column":8},"end":{"line":67,"column":28}},"17":{"start":{"line":69,"column":8},"end":{"line":72,"column":9}},"18":{"start":{"line":70,"column":12},"end":{"line":70,"column":19}},"19":{"start":{"line":71,"column":12},"end":{"line":71,"column":28}},"20":{"start":{"line":74,"column":8},"end":{"line":74,"column":39}},"21":{"start":{"line":76,"column":8},"end":{"line":76,"column":70}},"22":{"start":{"line":80,"column":8},"end":{"line":80,"column":37}},"23":{"start":{"line":84,"column":0},"end":{"line":84,"column":29}}},"branchMap":{"1":{"line":53,"type":"if","locations":[{"start":{"line":53,"column":8},"end":{"line":53,"column":8}},{"start":{"line":53,"column":8},"end":{"line":53,"column":8}}]},"2":{"line":69,"type":"if","locations":[{"start":{"line":69,"column":8},"end":{"line":69,"column":8}},{"start":{"line":69,"column":8},"end":{"line":69,"column":8}}]}},"code":["/*","The MIT License (MIT)","","Copyright (c) 2014 Shazron Abdullah","","Permission is hereby granted, free of charge, to any person obtaining a copy","of this software and associated documentation files (the \"Software\"), to deal","in the Software without restriction, including without limitation the rights","to use, copy, modify, merge, publish, distribute, sublicense, and/or sell","copies of the Software, and to permit persons to whom the Software is","furnished to do so, subject to the following conditions:","","The above copyright notice and this permission notice shall be included in","all copies or substantial portions of the Software.","","THE SOFTWARE IS PROVIDED \"AS IS\", WITHOUT WARRANTY OF ANY KIND, EXPRESS OR","IMPLIED, INCLUDING BUT NOT LIMITED TO THE WARRANTIES OF MERCHANTABILITY,","FITNESS FOR A PARTICULAR PURPOSE AND NONINFRINGEMENT. IN NO EVENT SHALL THE","AUTHORS OR COPYRIGHT HOLDERS BE LIABLE FOR ANY CLAIM, DAMAGES OR OTHER","LIABILITY, WHETHER IN AN ACTION OF CONTRACT, TORT OR OTHERWISE, ARISING FROM,","OUT OF OR IN CONNECTION WITH THE SOFTWARE OR THE USE OR OTHER DEALINGS IN","THE SOFTWARE.","*/","","var path = require('path'),","    fs = require('fs'),","    help = require('./help'),","    lib = require('./lib'),","    util = require('util');","","var command_lib = {","","    init: function() {","        lib.init();","    },","","    //jscs:disable disallowUnusedParams","    showsdks: function(args) {","        lib.showsdks();","    },","    //jscs:enable disallowUnusedParams","","    //jscs:disable disallowUnusedParams","    showdevicetypes: function(args) {","        lib.showdevicetypes();","    },","    //jscs:enable disallowUnusedParams","","    launch: function(args) {","        var wait_for_debugger = false;","        var app_path;","","        if (args.argv.remain.length < 2) {","            help();","            process.exit(1);","        }","","        app_path = args.argv.remain[1];","","        lib.launch(app_path, args.devicetypeid, args.log, args.exit, args.args);","    },","","    install: function(args) {","        var app_identifier;","        var argv;","        var app_path;","        var info_plist_path;","","        if (args.argv.remain.length < 2) {","            help();","            process.exit(1);","        }","","        app_path = args.argv.remain[1];","","        lib.install(app_path, args.devicetypeid, args.log, args.exit);","    },","","    start: function(args) {","        lib.start(args.devicetypeid);","    }","};","","module.exports = command_lib;","",""],"l":{"25":1,"31":1,"34":0,"39":0,"45":0,"50":0,"51":0,"53":0,"54":0,"55":0,"58":0,"60":0,"64":0,"65":0,"66":0,"67":0,"69":0,"70":0,"71":0,"74":0,"76":0,"80":0,"84":1}}}